#
# There is insufficient memory for the Java Runtime Environment to continue.
# Native memory allocation (malloc) failed to allocate 1504296 bytes. Error detail: Chunk::new
# Possible reasons:
#   The system is out of physical RAM or swap space
#   This process is running with CompressedOops enabled, and the Java Heap may be blocking the growth of the native heap
# Possible solutions:
#   Reduce memory load on the system
#   Increase physical memory or swap space
#   Check if swap backing store is full
#   Decrease Java heap size (-Xmx/-Xms)
#   Decrease number of Java threads
#   Decrease Java thread stack sizes (-Xss)
#   Set larger code cache with -XX:ReservedCodeCacheSize=
#   JVM is running with Zero Based Compressed Oops mode in which the Java heap is
#     placed in the first 32GB address space. The Java Heap base address is the
#     maximum limit for the native heap growth. Please use -XX:HeapBaseMinAddress
#     to set the Java Heap base and to place the Java Heap above 32GB virtual address.
# This output file may be truncated or incomplete.
#
#  Out of Memory Error (arena.cpp:186), pid=26500, tid=46456
#
# JRE version: OpenJDK Runtime Environment (25.0.2+10) (build 25.0.2+10-69)
# Java VM: OpenJDK 64-Bit Server VM (25.0.2+10-69, mixed mode, sharing, tiered, compressed oops, compressed class ptrs, g1 gc, windows-amd64)
# No core dump will be written. Minidumps are not enabled by default on client versions of Windows
#

---------------  S U M M A R Y ------------

Command Line: --add-modules=javafx.controls,javafx.fxml --module-path=C:\Users\nesri\.m2\repository\org\openjfx\javafx-base\25.0.2\javafx-base-25.0.2-win.jar;C:\Users\nesri\.m2\repository\org\openjfx\javafx-base\25.0.2\javafx-base-25.0.2.jar;C:\Users\nesri\.m2\repository\org\openjfx\javafx-controls\25.0.2\javafx-controls-25.0.2-win.jar;C:\Users\nesri\.m2\repository\org\openjfx\javafx-controls\25.0.2\javafx-controls-25.0.2.jar;C:\Users\nesri\.m2\repository\org\openjfx\javafx-fxml\25.0.2\javafx-fxml-25.0.2-win.jar;C:\Users\nesri\.m2\repository\org\openjfx\javafx-graphics\25.0.2\javafx-graphics-25.0.2-win.jar;C:\Users\nesri\.m2\repository\org\openjfx\javafx-graphics\25.0.2\javafx-graphics-25.0.2.jar;C:\Users\nesri\.m2\repository\org\openjfx\javafx-media\25.0.2\javafx-media-25.0.2-win.jar;C:\Users\nesri\.m2\repository\org\openjfx\javafx-swing\21\javafx-swing-21-win.jar;C:\Users\nesri\.m2\repository\org\openjfx\javafx-swing\21\javafx-swing-21.jar --add-modules=javafx.base,javafx.controls,javafx.fxml,javafx.graphics,javafx.media,javafx.swing test.MainFX

Host: 11th Gen Intel(R) Core(TM) i5-11400H @ 2.70GHz, 12 cores, 23G,  Windows 11 , 64 bit Build 26100 (10.0.26100.7705)
Time: Thu Feb 19 13:50:13 2026 UTC-11 elapsed time: 3.322827 seconds (0d 0h 0m 3s)

---------------  T H R E A D  ---------------

Current thread (0x00000236b82518b0):  JavaThread "C2 CompilerThread2" daemon [_thread_in_native, id=46456, stack(0x0000007fee400000,0x0000007fee500000) (1024K)]


Current CompileTask:
C2:3322 3473       4       java.lang.invoke.MethodType::methodType (69 bytes)

Stack: [0x0000007fee400000,0x0000007fee500000]
Native frames: (J=compiled Java code, j=interpreted, Vv=VM code, C=native code)
V  [jvm.dll+0x7a70f9]  (no source info available)
V  [jvm.dll+0x772d6d]  (no source info available)
V  [jvm.dll+0x965d53]  (no source info available)
V  [jvm.dll+0x968351]  (no source info available)
V  [jvm.dll+0x968a63]  (no source info available)
V  [jvm.dll+0x2fc846]  (no source info available)
V  [jvm.dll+0x111b16]  (no source info available)
V  [jvm.dll+0x111e3e]  (no source info available)
V  [jvm.dll+0x45276d]  (no source info available)
V  [jvm.dll+0x421aa2]  (no source info available)
V  [jvm.dll+0x420eba]  (no source info available)
V  [jvm.dll+0x2c0979]  (no source info available)
V  [jvm.dll+0x2bfb5f]  (no source info available)
V  [jvm.dll+0x2379a0]  (no source info available)
V  [jvm.dll+0x2cfc86]  (no source info available)
V  [jvm.dll+0x2cdf05]  (no source info available)
V  [jvm.dll+0x48e9d1]  (no source info available)
V  [jvm.dll+0x906fcd]  (no source info available)
V  [jvm.dll+0x7a56d5]  (no source info available)
C  [ucrtbase.dll+0x37b0]  (no source info available)
C  [KERNEL32.DLL+0x2e8d7]  (no source info available)
C  [ntdll.dll+0x8c40c]  (no source info available)

Lock stack of current Java thread (top to bottom):


---------------  P R O C E S S  ---------------

Threads class SMR info:
_java_thread_list=0x00000236bf293720, length=20, elements={
0x000002368e8ec510, 0x00000236b27e4300, 0x00000236b27e4c10, 0x00000236b27ea130,
0x00000236b280c7e0, 0x00000236b280e2c0, 0x00000236b2820160, 0x00000236b2822330,
0x00000236b2822b40, 0x00000236b70b8bc0, 0x00000236b75fd4d0, 0x00000236b7c89aa0,
0x00000236b7fadf10, 0x00000236b7fafb70, 0x00000236b827fb30, 0x00000236b83036b0,
0x00000236b82538f0, 0x00000236b82518b0, 0x00000236be74d500, 0x00000236becca430
}

Java Threads: ( => current thread )
  0x000002368e8ec510 JavaThread "main"                              [_thread_blocked, id=44296, stack(0x0000007fec400000,0x0000007fec500000) (1024K)]
  0x00000236b27e4300 JavaThread "Reference Handler"          daemon [_thread_blocked, id=39748, stack(0x0000007fecc00000,0x0000007fecd00000) (1024K)]
  0x00000236b27e4c10 JavaThread "Finalizer"                  daemon [_thread_blocked, id=45064, stack(0x0000007fecd00000,0x0000007fece00000) (1024K)]
  0x00000236b27ea130 JavaThread "Signal Dispatcher"          daemon [_thread_blocked, id=35856, stack(0x0000007fece00000,0x0000007fecf00000) (1024K)]
  0x00000236b280c7e0 JavaThread "Attach Listener"            daemon [_thread_blocked, id=45288, stack(0x0000007fecf00000,0x0000007fed000000) (1024K)]
  0x00000236b280e2c0 JavaThread "Service Thread"             daemon [_thread_blocked, id=31836, stack(0x0000007fed000000,0x0000007fed100000) (1024K)]
  0x00000236b2820160 JavaThread "Monitor Deflation Thread"   daemon [_thread_blocked, id=35832, stack(0x0000007fed100000,0x0000007fed200000) (1024K)]
  0x00000236b2822330 JavaThread "C2 CompilerThread0"         daemon [_thread_in_native, id=39928, stack(0x0000007fed200000,0x0000007fed300000) (1024K)]
  0x00000236b2822b40 JavaThread "C1 CompilerThread0"         daemon [_thread_in_vm, id=37836, stack(0x0000007fed300000,0x0000007fed400000) (1024K)]
  0x00000236b70b8bc0 JavaThread "Common-Cleaner"             daemon [_thread_blocked, id=28608, stack(0x0000007fed400000,0x0000007fed500000) (1024K)]
  0x00000236b75fd4d0 JavaThread "Notification Thread"        daemon [_thread_blocked, id=39100, stack(0x0000007fed700000,0x0000007fed800000) (1024K)]
  0x00000236b7c89aa0 JavaThread "QuantumRenderer-0"          daemon [_thread_in_native, id=47544, stack(0x0000007fed800000,0x0000007fed900000) (1024K)]
  0x00000236b7fadf10 JavaThread "InvokeLaterDispatcher"      daemon [_thread_blocked, id=23452, stack(0x0000007fed500000,0x0000007fed600000) (1024K)]
  0x00000236b7fafb70 JavaThread "JavaFX Application Thread"         [_thread_in_native, id=22276, stack(0x0000007fed600000,0x0000007fed700000) (1024K)]
  0x00000236b827fb30 JavaThread "JavaFX-Launcher"                   [_thread_blocked, id=37100, stack(0x0000007fee200000,0x0000007fee300000) (1024K)]
  0x00000236b83036b0 JavaThread "Thread-2"                   daemon [_thread_in_native, id=47244, stack(0x0000007fee100000,0x0000007fee200000) (1024K)]
  0x00000236b82538f0 JavaThread "C2 CompilerThread1"         daemon [_thread_in_native, id=49092, stack(0x0000007fee300000,0x0000007fee400000) (1024K)]
=>0x00000236b82518b0 JavaThread "C2 CompilerThread2"         daemon [_thread_in_native, id=46456, stack(0x0000007fee400000,0x0000007fee500000) (1024K)]
  0x00000236be74d500 JavaThread "mysql-cj-abandoned-connection-cleanup" daemon [_thread_blocked, id=33892, stack(0x0000007fee500000,0x0000007fee600000) (1024K)]
  0x00000236becca430 JavaThread "Prism Font Disposer"        daemon [_thread_blocked, id=10376, stack(0x0000007feee00000,0x0000007feef00000) (1024K)]
Total: 20

Other Threads:
  0x00000236b27d1a80 VMThread "VM Thread"                           [id=20960, stack(0x0000007fecb00000,0x0000007fecc00000) (1024K)]
  0x00000236b27c25f0 WatcherThread "VM Periodic Task Thread"        [id=35008, stack(0x0000007feca00000,0x0000007fecb00000) (1024K)]
  0x000002368efbe6e0 WorkerThread "GC Thread#0"                     [id=46420, stack(0x0000007fec500000,0x0000007fec600000) (1024K)]
  0x00000236be7f33d0 WorkerThread "GC Thread#1"                     [id=35536, stack(0x0000007fee600000,0x0000007fee700000) (1024K)]
  0x00000236beb1f700 WorkerThread "GC Thread#2"                     [id=11028, stack(0x0000007fee700000,0x0000007fee800000) (1024K)]
  0x00000236be7081b0 WorkerThread "GC Thread#3"                     [id=46192, stack(0x0000007fee800000,0x0000007fee900000) (1024K)]
  0x00000236be70a5f0 WorkerThread "GC Thread#4"                     [id=32048, stack(0x0000007fee900000,0x0000007feea00000) (1024K)]
  0x00000236be83f850 WorkerThread "GC Thread#5"                     [id=30320, stack(0x0000007feea00000,0x0000007feeb00000) (1024K)]
  0x00000236be83fc80 WorkerThread "GC Thread#6"                     [id=24344, stack(0x0000007feeb00000,0x0000007feec00000) (1024K)]
  0x00000236b87aeef0 WorkerThread "GC Thread#7"                     [id=4664, stack(0x0000007feec00000,0x0000007feed00000) (1024K)]
  0x00000236b87ad960 WorkerThread "GC Thread#8"                     [id=20992, stack(0x0000007feed00000,0x0000007feee00000) (1024K)]
  0x000002368efd2480 ConcurrentGCThread "G1 Main Marker"            [id=14072, stack(0x0000007fec600000,0x0000007fec700000) (1024K)]
  0x000002368efd3d90 WorkerThread "G1 Conc#0"                       [id=44524, stack(0x0000007fec700000,0x0000007fec800000) (1024K)]
  0x00000236b268fed0 ConcurrentGCThread "G1 Refine#0"               [id=8352, stack(0x0000007fec800000,0x0000007fec900000) (1024K)]
  0x00000236b2691af0 ConcurrentGCThread "G1 Service"                [id=34176, stack(0x0000007fec900000,0x0000007feca00000) (1024K)]
Total: 15

Threads with active compile tasks:
C2 CompilerThread0  3419 3804       4       javafx.scene.Parent::updateBounds (44 bytes)
C1 CompilerThread0  3419 3865       3       com.sun.javafx.geom.transform.Affine3D::updateState (96 bytes)
C2 CompilerThread1  3419 3829       4       java.util.WeakHashMap::getTable (9 bytes)
C2 CompilerThread2  3419 3473       4       java.lang.invoke.MethodType::methodType (69 bytes)
Total: 4

VM state: not at safepoint (normal execution)

VM Mutex/Monitor currently owned by a thread: None

Heap address: 0x0000000684400000, size: 6076 MB, Compressed Oops mode: Zero based, Oop shift amount: 3

CDS archive(s) mapped at: [0x0000000027000000-0x0000000027dd0000-0x0000000027dd0000), size 14483456, SharedBaseAddress: 0x0000000027000000, ArchiveRelocationMode: 1.
Compressed class space mapped at: 0x0000000028000000-0x0000000068000000, reserved size: 1073741824
UseCompressedClassPointers 1, UseCompactObjectHeaders 0
Narrow klass pointer bits 32, Max shift 3
Narrow klass base: 0x0000000027000000, Narrow klass shift: 0
Encoding Range: [0x0000000027000000 - 0x0000000127000000), (4294967296 bytes)
Klass Range:    [0x0000000027010000 - 0x0000000068000000), (1090453504 bytes)
Klass ID Range:  [65536 - 1090519033) (1090453497)
Protection zone: [0x0000000027000000 - 0x0000000027010000), (65536 bytes)

GC Precious Log:
 CardTable entry size: 512
 Card Set container configuration: InlinePtr #cards 4 size 8 Array Of Cards #cards 32 size 80 Howl #buckets 8 coarsen threshold 7372 Howl Bitmap #cards 1024 size 144 coarsen threshold 921 Card regions per heap region 1 cards per card region 8192
 CPUs: 12 total, 12 available
 Memory: 24298M
 Large Page Support: Disabled
 NUMA Support: Disabled
 Compressed Oops: Enabled (Zero based)
 Heap Region Size: 4M
 Heap Min Capacity: 8M
 Heap Initial Capacity: 380M
 Heap Max Capacity: 6076M
 Pre-touch: Disabled
 Parallel Workers: 10
 Concurrent Workers: 3
 Concurrent Refinement Workers: 10
 Periodic GC: Disabled

Heap:
 garbage-first heap   total reserved 6221824K, committed 393216K, used 89546K [0x0000000684400000, 0x0000000800000000)
  region size 4096K, 24 young (98304K), 2 survivors (8192K)

Heap Regions: E=young(eden), S=young(survivor), O=old, HS=humongous(starts), HC=humongous(continues), CS=collection set, F=free, TAMS=top-at-mark-start, PB=parsable bottom
|   0|0x0000000684400000, 0x0000000684400000, 0x0000000684800000|  0%| F|  |TAMS 0x0000000684400000| PB 0x0000000684400000| Untracked |  0
|   1|0x0000000684800000, 0x0000000684800000, 0x0000000684c00000|  0%| F|  |TAMS 0x0000000684800000| PB 0x0000000684800000| Untracked |  0
|   2|0x0000000684c00000, 0x0000000684c00000, 0x0000000685000000|  0%| F|  |TAMS 0x0000000684c00000| PB 0x0000000684c00000| Untracked |  0
|   3|0x0000000685000000, 0x0000000685000000, 0x0000000685400000|  0%| F|  |TAMS 0x0000000685000000| PB 0x0000000685000000| Untracked |  0
|   4|0x0000000685400000, 0x0000000685400000, 0x0000000685800000|  0%| F|  |TAMS 0x0000000685400000| PB 0x0000000685400000| Untracked |  0
|   5|0x0000000685800000, 0x0000000685800000, 0x0000000685c00000|  0%| F|  |TAMS 0x0000000685800000| PB 0x0000000685800000| Untracked |  0
|   6|0x0000000685c00000, 0x0000000685c00000, 0x0000000686000000|  0%| F|  |TAMS 0x0000000685c00000| PB 0x0000000685c00000| Untracked |  0
|   7|0x0000000686000000, 0x0000000686000000, 0x0000000686400000|  0%| F|  |TAMS 0x0000000686000000| PB 0x0000000686000000| Untracked |  0
|   8|0x0000000686400000, 0x0000000686400000, 0x0000000686800000|  0%| F|  |TAMS 0x0000000686400000| PB 0x0000000686400000| Untracked |  0
|   9|0x0000000686800000, 0x0000000686800000, 0x0000000686c00000|  0%| F|  |TAMS 0x0000000686800000| PB 0x0000000686800000| Untracked |  0
|  10|0x0000000686c00000, 0x0000000686c00000, 0x0000000687000000|  0%| F|  |TAMS 0x0000000686c00000| PB 0x0000000686c00000| Untracked |  0
|  11|0x0000000687000000, 0x0000000687000000, 0x0000000687400000|  0%| F|  |TAMS 0x0000000687000000| PB 0x0000000687000000| Untracked |  0
|  12|0x0000000687400000, 0x0000000687400000, 0x0000000687800000|  0%| F|  |TAMS 0x0000000687400000| PB 0x0000000687400000| Untracked |  0
|  13|0x0000000687800000, 0x0000000687800000, 0x0000000687c00000|  0%| F|  |TAMS 0x0000000687800000| PB 0x0000000687800000| Untracked |  0
|  14|0x0000000687c00000, 0x0000000687c00000, 0x0000000688000000|  0%| F|  |TAMS 0x0000000687c00000| PB 0x0000000687c00000| Untracked |  0
|  15|0x0000000688000000, 0x0000000688000000, 0x0000000688400000|  0%| F|  |TAMS 0x0000000688000000| PB 0x0000000688000000| Untracked |  0
|  16|0x0000000688400000, 0x0000000688400000, 0x0000000688800000|  0%| F|  |TAMS 0x0000000688400000| PB 0x0000000688400000| Untracked |  0
|  17|0x0000000688800000, 0x0000000688800000, 0x0000000688c00000|  0%| F|  |TAMS 0x0000000688800000| PB 0x0000000688800000| Untracked |  0
|  18|0x0000000688c00000, 0x0000000688c00000, 0x0000000689000000|  0%| F|  |TAMS 0x0000000688c00000| PB 0x0000000688c00000| Untracked |  0
|  19|0x0000000689000000, 0x0000000689000000, 0x0000000689400000|  0%| F|  |TAMS 0x0000000689000000| PB 0x0000000689000000| Untracked |  0
|  20|0x0000000689400000, 0x0000000689400000, 0x0000000689800000|  0%| F|  |TAMS 0x0000000689400000| PB 0x0000000689400000| Untracked |  0
|  21|0x0000000689800000, 0x0000000689800000, 0x0000000689c00000|  0%| F|  |TAMS 0x0000000689800000| PB 0x0000000689800000| Untracked |  0
|  22|0x0000000689c00000, 0x0000000689c00000, 0x000000068a000000|  0%| F|  |TAMS 0x0000000689c00000| PB 0x0000000689c00000| Untracked |  0
|  23|0x000000068a000000, 0x000000068a000000, 0x000000068a400000|  0%| F|  |TAMS 0x000000068a000000| PB 0x000000068a000000| Untracked |  0
|  24|0x000000068a400000, 0x000000068a400000, 0x000000068a800000|  0%| F|  |TAMS 0x000000068a400000| PB 0x000000068a400000| Untracked |  0
|  25|0x000000068a800000, 0x000000068a800000, 0x000000068ac00000|  0%| F|  |TAMS 0x000000068a800000| PB 0x000000068a800000| Untracked |  0
|  26|0x000000068ac00000, 0x000000068ac00000, 0x000000068b000000|  0%| F|  |TAMS 0x000000068ac00000| PB 0x000000068ac00000| Untracked |  0
|  27|0x000000068b000000, 0x000000068b000000, 0x000000068b400000|  0%| F|  |TAMS 0x000000068b000000| PB 0x000000068b000000| Untracked |  0
|  28|0x000000068b400000, 0x000000068b400000, 0x000000068b800000|  0%| F|  |TAMS 0x000000068b400000| PB 0x000000068b400000| Untracked |  0
|  29|0x000000068b800000, 0x000000068b800000, 0x000000068bc00000|  0%| F|  |TAMS 0x000000068b800000| PB 0x000000068b800000| Untracked |  0
|  30|0x000000068bc00000, 0x000000068bc00000, 0x000000068c000000|  0%| F|  |TAMS 0x000000068bc00000| PB 0x000000068bc00000| Untracked |  0
|  31|0x000000068c000000, 0x000000068c000000, 0x000000068c400000|  0%| F|  |TAMS 0x000000068c000000| PB 0x000000068c000000| Untracked |  0
|  32|0x000000068c400000, 0x000000068c400000, 0x000000068c800000|  0%| F|  |TAMS 0x000000068c400000| PB 0x000000068c400000| Untracked |  0
|  33|0x000000068c800000, 0x000000068c800000, 0x000000068cc00000|  0%| F|  |TAMS 0x000000068c800000| PB 0x000000068c800000| Untracked |  0
|  34|0x000000068cc00000, 0x000000068cc00000, 0x000000068d000000|  0%| F|  |TAMS 0x000000068cc00000| PB 0x000000068cc00000| Untracked |  0
|  35|0x000000068d000000, 0x000000068d000000, 0x000000068d400000|  0%| F|  |TAMS 0x000000068d000000| PB 0x000000068d000000| Untracked |  0
|  36|0x000000068d400000, 0x000000068d400000, 0x000000068d800000|  0%| F|  |TAMS 0x000000068d400000| PB 0x000000068d400000| Untracked |  0
|  37|0x000000068d800000, 0x000000068d800000, 0x000000068dc00000|  0%| F|  |TAMS 0x000000068d800000| PB 0x000000068d800000| Untracked |  0
|  38|0x000000068dc00000, 0x000000068dc00000, 0x000000068e000000|  0%| F|  |TAMS 0x000000068dc00000| PB 0x000000068dc00000| Untracked |  0
|  39|0x000000068e000000, 0x000000068e000000, 0x000000068e400000|  0%| F|  |TAMS 0x000000068e000000| PB 0x000000068e000000| Untracked |  0
|  40|0x000000068e400000, 0x000000068e400000, 0x000000068e800000|  0%| F|  |TAMS 0x000000068e400000| PB 0x000000068e400000| Untracked |  0
|  41|0x000000068e800000, 0x000000068e800000, 0x000000068ec00000|  0%| F|  |TAMS 0x000000068e800000| PB 0x000000068e800000| Untracked |  0
|  42|0x000000068ec00000, 0x000000068ec00000, 0x000000068f000000|  0%| F|  |TAMS 0x000000068ec00000| PB 0x000000068ec00000| Untracked |  0
|  43|0x000000068f000000, 0x000000068f000000, 0x000000068f400000|  0%| F|  |TAMS 0x000000068f000000| PB 0x000000068f000000| Untracked |  0
|  44|0x000000068f400000, 0x000000068f400000, 0x000000068f800000|  0%| F|  |TAMS 0x000000068f400000| PB 0x000000068f400000| Untracked |  0
|  45|0x000000068f800000, 0x000000068f800000, 0x000000068fc00000|  0%| F|  |TAMS 0x000000068f800000| PB 0x000000068f800000| Untracked |  0
|  46|0x000000068fc00000, 0x000000068fc00000, 0x0000000690000000|  0%| F|  |TAMS 0x000000068fc00000| PB 0x000000068fc00000| Untracked |  0
|  47|0x0000000690000000, 0x0000000690000000, 0x0000000690400000|  0%| F|  |TAMS 0x0000000690000000| PB 0x0000000690000000| Untracked |  0
|  48|0x0000000690400000, 0x0000000690400000, 0x0000000690800000|  0%| F|  |TAMS 0x0000000690400000| PB 0x0000000690400000| Untracked |  0
|  49|0x0000000690800000, 0x0000000690800000, 0x0000000690c00000|  0%| F|  |TAMS 0x0000000690800000| PB 0x0000000690800000| Untracked |  0
|  50|0x0000000690c00000, 0x0000000690c00000, 0x0000000691000000|  0%| F|  |TAMS 0x0000000690c00000| PB 0x0000000690c00000| Untracked |  0
|  51|0x0000000691000000, 0x0000000691000000, 0x0000000691400000|  0%| F|  |TAMS 0x0000000691000000| PB 0x0000000691000000| Untracked |  0
|  52|0x0000000691400000, 0x0000000691400000, 0x0000000691800000|  0%| F|  |TAMS 0x0000000691400000| PB 0x0000000691400000| Untracked |  0
|  53|0x0000000691800000, 0x0000000691800000, 0x0000000691c00000|  0%| F|  |TAMS 0x0000000691800000| PB 0x0000000691800000| Untracked |  0
|  54|0x0000000691c00000, 0x0000000691c00000, 0x0000000692000000|  0%| F|  |TAMS 0x0000000691c00000| PB 0x0000000691c00000| Untracked |  0
|  55|0x0000000692000000, 0x0000000692000000, 0x0000000692400000|  0%| F|  |TAMS 0x0000000692000000| PB 0x0000000692000000| Untracked |  0
|  56|0x0000000692400000, 0x0000000692400000, 0x0000000692800000|  0%| F|  |TAMS 0x0000000692400000| PB 0x0000000692400000| Untracked |  0
|  57|0x0000000692800000, 0x0000000692800000, 0x0000000692c00000|  0%| F|  |TAMS 0x0000000692800000| PB 0x0000000692800000| Untracked |  0
|  58|0x0000000692c00000, 0x0000000692c00000, 0x0000000693000000|  0%| F|  |TAMS 0x0000000692c00000| PB 0x0000000692c00000| Untracked |  0
|  59|0x0000000693000000, 0x0000000693000000, 0x0000000693400000|  0%| F|  |TAMS 0x0000000693000000| PB 0x0000000693000000| Untracked |  0
|  60|0x0000000693400000, 0x0000000693400000, 0x0000000693800000|  0%| F|  |TAMS 0x0000000693400000| PB 0x0000000693400000| Untracked |  0
|  61|0x0000000693800000, 0x0000000693800000, 0x0000000693c00000|  0%| F|  |TAMS 0x0000000693800000| PB 0x0000000693800000| Untracked |  0
|  62|0x0000000693c00000, 0x0000000693c00000, 0x0000000694000000|  0%| F|  |TAMS 0x0000000693c00000| PB 0x0000000693c00000| Untracked |  0
|  63|0x0000000694000000, 0x0000000694000000, 0x0000000694400000|  0%| F|  |TAMS 0x0000000694000000| PB 0x0000000694000000| Untracked |  0
|  64|0x0000000694400000, 0x0000000694400000, 0x0000000694800000|  0%| F|  |TAMS 0x0000000694400000| PB 0x0000000694400000| Untracked |  0
|  65|0x0000000694800000, 0x0000000694800000, 0x0000000694c00000|  0%| F|  |TAMS 0x0000000694800000| PB 0x0000000694800000| Untracked |  0
|  66|0x0000000694c00000, 0x0000000694c00000, 0x0000000695000000|  0%| F|  |TAMS 0x0000000694c00000| PB 0x0000000694c00000| Untracked |  0
|  67|0x0000000695000000, 0x0000000695000000, 0x0000000695400000|  0%| F|  |TAMS 0x0000000695000000| PB 0x0000000695000000| Untracked |  0
|  68|0x0000000695400000, 0x0000000695400000, 0x0000000695800000|  0%| F|  |TAMS 0x0000000695400000| PB 0x0000000695400000| Untracked |  0
|  69|0x0000000695800000, 0x0000000695800000, 0x0000000695c00000|  0%| F|  |TAMS 0x0000000695800000| PB 0x0000000695800000| Untracked |  0
|  70|0x0000000695c00000, 0x0000000695c00000, 0x0000000696000000|  0%| F|  |TAMS 0x0000000695c00000| PB 0x0000000695c00000| Untracked |  0
|  71|0x0000000696000000, 0x0000000696289978, 0x0000000696400000| 63%| E|  |TAMS 0x0000000696000000| PB 0x0000000696000000| Complete |  0
|  72|0x0000000696400000, 0x0000000696800000, 0x0000000696800000|100%| E|CS|TAMS 0x0000000696400000| PB 0x0000000696400000| Complete |  0
|  73|0x0000000696800000, 0x0000000696c00000, 0x0000000696c00000|100%| E|CS|TAMS 0x0000000696800000| PB 0x0000000696800000| Complete |  0
|  74|0x0000000696c00000, 0x0000000697000000, 0x0000000697000000|100%| E|CS|TAMS 0x0000000696c00000| PB 0x0000000696c00000| Complete |  0
|  75|0x0000000697000000, 0x0000000697400000, 0x0000000697400000|100%| E|CS|TAMS 0x0000000697000000| PB 0x0000000697000000| Complete |  0
|  76|0x0000000697400000, 0x0000000697800000, 0x0000000697800000|100%| E|CS|TAMS 0x0000000697400000| PB 0x0000000697400000| Complete |  0
|  77|0x0000000697800000, 0x0000000697c00000, 0x0000000697c00000|100%| E|CS|TAMS 0x0000000697800000| PB 0x0000000697800000| Complete |  0
|  78|0x0000000697c00000, 0x0000000698000000, 0x0000000698000000|100%| E|CS|TAMS 0x0000000697c00000| PB 0x0000000697c00000| Complete |  0
|  79|0x0000000698000000, 0x0000000698400000, 0x0000000698400000|100%| E|CS|TAMS 0x0000000698000000| PB 0x0000000698000000| Complete |  0
|  80|0x0000000698400000, 0x0000000698800000, 0x0000000698800000|100%| E|CS|TAMS 0x0000000698400000| PB 0x0000000698400000| Complete |  0
|  81|0x0000000698800000, 0x0000000698a4db68, 0x0000000698c00000| 57%| S|CS|TAMS 0x0000000698800000| PB 0x0000000698800000| Complete |  0
|  82|0x0000000698c00000, 0x0000000699000000, 0x0000000699000000|100%| S|CS|TAMS 0x0000000698c00000| PB 0x0000000698c00000| Complete |  0
|  83|0x0000000699000000, 0x0000000699400000, 0x0000000699400000|100%| E|CS|TAMS 0x0000000699000000| PB 0x0000000699000000| Complete |  0
|  84|0x0000000699400000, 0x0000000699800000, 0x0000000699800000|100%| E|  |TAMS 0x0000000699400000| PB 0x0000000699400000| Complete |  0
|  85|0x0000000699800000, 0x0000000699c00000, 0x0000000699c00000|100%| E|CS|TAMS 0x0000000699800000| PB 0x0000000699800000| Complete |  0
|  86|0x0000000699c00000, 0x000000069a000000, 0x000000069a000000|100%| E|CS|TAMS 0x0000000699c00000| PB 0x0000000699c00000| Complete |  0
|  87|0x000000069a000000, 0x000000069a400000, 0x000000069a400000|100%| E|CS|TAMS 0x000000069a000000| PB 0x000000069a000000| Complete |  0
|  88|0x000000069a400000, 0x000000069a800000, 0x000000069a800000|100%| E|CS|TAMS 0x000000069a400000| PB 0x000000069a400000| Complete |  0
|  89|0x000000069a800000, 0x000000069ac00000, 0x000000069ac00000|100%| E|CS|TAMS 0x000000069a800000| PB 0x000000069a800000| Complete |  0
|  90|0x000000069ac00000, 0x000000069b000000, 0x000000069b000000|100%| E|CS|TAMS 0x000000069ac00000| PB 0x000000069ac00000| Complete |  0
|  91|0x000000069b000000, 0x000000069b400000, 0x000000069b400000|100%| E|CS|TAMS 0x000000069b000000| PB 0x000000069b000000| Complete |  0
|  92|0x000000069b400000, 0x000000069b800000, 0x000000069b800000|100%| E|CS|TAMS 0x000000069b400000| PB 0x000000069b400000| Complete |  0
|  93|0x000000069b800000, 0x000000069bc00000, 0x000000069bc00000|100%| E|CS|TAMS 0x000000069b800000| PB 0x000000069b800000| Complete |  0
|  94|0x000000069bc00000, 0x000000069c000000, 0x000000069c000000|100%| E|CS|TAMS 0x000000069bc00000| PB 0x000000069bc00000| Complete |  0
|1518|0x00000007ffc00000, 0x00000007ffd24ea8, 0x0000000800000000| 28%| O|  |TAMS 0x00000007ffc00000| PB 0x00000007ffc00000| Untracked |  0

Card table byte_map: [0x00000236a9740000,0x00000236aa320000] _byte_map_base: 0x00000236a631e000

Marking Bits: (CMBitMap*) 0x000002368efbee70
 Bits: [0x00000236aa320000, 0x00000236b0210000)

Polling page: 0x000002368ec30000

Metaspace:
Metaspace        used 20564K, committed 20800K, reserved 1114112K
 class space     used 3007K, committed 3136K, reserved 1048576K

Usage:
  Non-class:     17.15 MB used.
      Class:      2.94 MB used.
       Both:     20.08 MB used.

Virtual space:
  Non-class space:       64.00 MB reserved,      17.25 MB ( 27%) committed,  1 nodes.
      Class space:        1.00 GB reserved,       3.06 MB ( <1%) committed,  1 nodes.
             Both:        1.06 GB reserved,      20.31 MB (  2%) committed. 

Chunk freelists:
   Non-Class:  13.94 MB
       Class:  12.98 MB
        Both:  26.92 MB

MaxMetaspaceSize: unlimited
CompressedClassSpaceSize: 1.00 GB
Initial GC threshold: 21.00 MB
Current GC threshold: 21.00 MB
CDS: on
 - commit_granule_bytes: 65536.
 - commit_granule_words: 8192.
 - virtual_space_node_default_size: 8388608.
 - enlarge_chunks_in_place: 1.
UseCompressedClassPointers 1, UseCompactObjectHeaders 0
Narrow klass pointer bits 32, Max shift 3
Narrow klass base: 0x0000000027000000, Narrow klass shift: 0
Encoding Range: [0x0000000027000000 - 0x0000000127000000), (4294967296 bytes)
Klass Range:    [0x0000000027010000 - 0x0000000068000000), (1090453504 bytes)
Klass ID Range:  [65536 - 1090519033) (1090453497)
Protection zone: [0x0000000027000000 - 0x0000000027010000), (65536 bytes)


Internal statistics:

num_allocs_failed_limit: 0.
num_arena_births: 248.
num_arena_deaths: 0.
num_vsnodes_births: 2.
num_vsnodes_deaths: 0.
num_space_committed: 325.
num_space_uncommitted: 0.
num_chunks_returned_to_freelist: 0.
num_chunks_taken_from_freelist: 913.
num_chunk_merges: 0.
num_chunk_splits: 631.
num_chunks_enlarged: 494.
num_inconsistent_stats: 0.

CodeHeap 'non-profiled nmethods': size=120064Kb used=1476Kb max_used=1476Kb free=118587Kb
 bounds [0x00000236a09a0000, 0x00000236a0c10000, 0x00000236a7ee0000]
CodeHeap 'profiled nmethods': size=120000Kb used=6228Kb max_used=6228Kb free=113771Kb
 bounds [0x0000023698ee0000, 0x0000023699500000, 0x00000236a0410000]
CodeHeap 'non-nmethods': size=5696Kb used=1979Kb max_used=1994Kb free=3716Kb
 bounds [0x00000236a0410000, 0x00000236a0680000, 0x00000236a09a0000]
CodeCache: size=245760Kb, used=9683Kb, max_used=9698Kb, free=236074Kb
 total_blobs=4748, nmethods=3867, adapters=781, full_count=0
Compilation: enabled, stopped_count=0, restarted_count=0

Compilation events (20 events):
Event: 3.319 Thread 0x00000236b2822b40 nmethod 3638 0x000002369949c188 code [0x000002369949c280, 0x000002369949c708]
Event: 3.319 Thread 0x00000236b2822b40 3639       3       com.sun.javafx.tk.Toolkit::getPaintAccessor (4 bytes)
Event: 3.319 Thread 0x00000236b2822b40 nmethod 3639 0x000002369949c788 code [0x000002369949c880, 0x000002369949c980]
Event: 3.320 Thread 0x00000236b2822b40 3640       3       java.lang.ModuleLayer::boot (4 bytes)
Event: 3.320 Thread 0x00000236b2822b40 nmethod 3640 0x000002369949ca88 code [0x000002369949cb80, 0x000002369949cc80]
Event: 3.320 Thread 0x00000236b2822b40 3641       3       java.nio.Buffer::clear (20 bytes)
Event: 3.320 Thread 0x00000236b2822b40 nmethod 3641 0x000002369949cd88 code [0x000002369949ce80, 0x000002369949cfa0]
Event: 3.320 Thread 0x00000236b2822b40 3642  s    3       java.io.BufferedOutputStream::write (71 bytes)
Event: 3.320 Thread 0x00000236b2822b40 nmethod 3642 0x000002369949d088 code [0x000002369949d180, 0x000002369949d9d0]
Event: 3.320 Thread 0x00000236b2822b40 3645       3       java.nio.CharBuffer::hasArray (20 bytes)
Event: 3.320 Thread 0x00000236b2822b40 nmethod 3645 0x000002369949da08 code [0x000002369949db00, 0x000002369949dc90]
Event: 3.320 Thread 0x00000236b2822b40 3646       3       java.nio.CharBuffer::array (35 bytes)
Event: 3.320 Thread 0x00000236b2822b40 nmethod 3646 0x000002369949dd08 code [0x000002369949de00, 0x000002369949e0c0]
Event: 3.320 Thread 0x00000236b2822b40 3643       3       java.io.BufferedOutputStream::growIfNeeded (59 bytes)
Event: 3.321 Thread 0x00000236b2822b40 nmethod 3643 0x000002369949e108 code [0x000002369949e200, 0x000002369949e4e0]
Event: 3.321 Thread 0x00000236b2822b40 3644       3       jdk.internal.misc.Blocker::end (16 bytes)
Event: 3.321 Thread 0x00000236b2822b40 nmethod 3644 0x000002369949e508 code [0x000002369949e600, 0x000002369949e940]
Event: 3.321 Thread 0x00000236b2822b40 3647       3       com.sun.javafx.collections.VetoableListDecorator::isEmpty (10 bytes)
Event: 3.321 Thread 0x00000236b2822b40 nmethod 3647 0x000002369949e988 code [0x000002369949ea80, 0x000002369949ec58]
Event: 3.321 Thread 0x00000236b2822b40 3648       3       javafx.scene.Node::getTransformedBounds (248 bytes)

GC Heap Usage History (2 events):
Event: 2.285 {heap Before GC invocations=0 (full 0):
 garbage-first heap   total reserved 6221824K, committed 393216K, used 50323K [0x0000000684400000, 0x0000000800000000)
  region size 4096K, 12 young (49152K), 0 survivors (0K)
}
Event: 2.288 {heap After GC invocations=1 (full 0):
 garbage-first heap   total reserved 6221824K, committed 393216K, used 7626K [0x0000000684400000, 0x0000000800000000)
  region size 4096K, 2 young (8192K), 2 survivors (8192K)
}

Metaspace Usage History (2 events):
Event: 2.285 {metaspace Before GC invocations=0 (full 0):
 Metaspace       used 7169K, committed 7296K, reserved 1114112K
  class space    used 779K, committed 832K, reserved 1048576K
}
Event: 2.288 {metaspace After GC invocations=1 (full 0):
 Metaspace       used 7169K, committed 7296K, reserved 1114112K
  class space    used 779K, committed 832K, reserved 1048576K
}

Dll operation events (20 events):
Event: 0.263 Loaded shared library C:\Users\nesri\.openjfx\cache\25.0.2+4\amd64\api-ms-win-crt-multibyte-l1-1-0.dll
Event: 0.265 Loaded shared library C:\Users\nesri\.openjfx\cache\25.0.2+4\amd64\api-ms-win-crt-private-l1-1-0.dll
Event: 0.267 Loaded shared library C:\Users\nesri\.openjfx\cache\25.0.2+4\amd64\api-ms-win-crt-process-l1-1-0.dll
Event: 0.269 Loaded shared library C:\Users\nesri\.openjfx\cache\25.0.2+4\amd64\api-ms-win-crt-runtime-l1-1-0.dll
Event: 0.271 Loaded shared library C:\Users\nesri\.openjfx\cache\25.0.2+4\amd64\api-ms-win-crt-stdio-l1-1-0.dll
Event: 0.272 Loaded shared library C:\Users\nesri\.openjfx\cache\25.0.2+4\amd64\api-ms-win-crt-string-l1-1-0.dll
Event: 0.274 Loaded shared library C:\Users\nesri\.openjfx\cache\25.0.2+4\amd64\api-ms-win-crt-time-l1-1-0.dll
Event: 0.276 Loaded shared library C:\Users\nesri\.openjfx\cache\25.0.2+4\amd64\api-ms-win-crt-utility-l1-1-0.dll
Event: 0.286 Loaded shared library C:\Users\nesri\.openjfx\cache\25.0.2+4\amd64\ucrtbase.dll
Event: 0.289 Loaded shared library C:\Users\nesri\.openjfx\cache\25.0.2+4\amd64\vcruntime140.dll
Event: 0.291 Loaded shared library C:\Users\nesri\.openjfx\cache\25.0.2+4\amd64\vcruntime140_1.dll
Event: 0.297 Loaded shared library C:\Users\nesri\.openjfx\cache\25.0.2+4\amd64\msvcp140.dll
Event: 0.298 Loaded shared library C:\Users\nesri\.openjfx\cache\25.0.2+4\amd64\msvcp140_1.dll
Event: 0.302 Loaded shared library C:\Users\nesri\.openjfx\cache\25.0.2+4\amd64\msvcp140_2.dll
Event: 0.324 Loaded shared library C:\Users\nesri\.openjfx\cache\25.0.2+4\amd64\prism_d3d.dll
Event: 1.937 Loaded shared library C:\Users\nesri\.openjfx\cache\25.0.2+4\amd64\glass.dll
Event: 2.040 Loaded shared library C:\Users\nesri\.jdks\openjdk-25.0.2\bin\jimage.dll
Event: 2.351 Loaded shared library C:\Users\nesri\.jdks\openjdk-25.0.2\bin\extnet.dll
Event: 2.500 Loaded shared library C:\Users\nesri\.openjfx\cache\25.0.2+4\amd64\javafx_font.dll
Event: 2.567 Loaded shared library C:\Users\nesri\.openjfx\cache\25.0.2+4\amd64\javafx_iio.dll

Deoptimization events (20 events):
Event: 3.241 Thread 0x00000236b7fafb70 Uncommon trap: trap_request=0xffffffc6 fr.pc=0x00000236a0aecfa4 relative=0x0000000000000124
Event: 3.241 Thread 0x00000236b7fafb70 Uncommon trap: reason=bimorphic_or_optimized_type_check action=maybe_recompile pc=0x00000236a0aecfa4 method=javafx.beans.property.DoublePropertyBase.get()D @ 23 c2
Event: 3.241 Thread 0x00000236b7fafb70 DEOPT PACKING pc=0x00000236a0aecfa4 sp=0x0000007fed6fe510
Event: 3.241 Thread 0x00000236b7fafb70 DEOPT UNPACKING pc=0x00000236a053f482 sp=0x0000007fed6fe4b0 mode 2
Event: 3.241 Thread 0x00000236b7fafb70 Uncommon trap: trap_request=0xffffffc6 fr.pc=0x00000236a0aecfa4 relative=0x0000000000000124
Event: 3.241 Thread 0x00000236b7fafb70 Uncommon trap: reason=bimorphic_or_optimized_type_check action=maybe_recompile pc=0x00000236a0aecfa4 method=javafx.beans.property.DoublePropertyBase.get()D @ 23 c2
Event: 3.241 Thread 0x00000236b7fafb70 DEOPT PACKING pc=0x00000236a0aecfa4 sp=0x0000007fed6fe050
Event: 3.241 Thread 0x00000236b7fafb70 DEOPT UNPACKING pc=0x00000236a053f482 sp=0x0000007fed6fdff0 mode 2
Event: 3.271 Thread 0x00000236b7fafb70 Uncommon trap: trap_request=0xffffff45 fr.pc=0x00000236a0af26c8 relative=0x0000000000000448
Event: 3.271 Thread 0x00000236b7fafb70 Uncommon trap: reason=unstable_if action=reinterpret pc=0x00000236a0af26c8 method=javafx.scene.Node.transformedBoundsChanged()V @ 4 c2
Event: 3.271 Thread 0x00000236b7fafb70 DEOPT PACKING pc=0x00000236a0af26c8 sp=0x0000007fed6fe4b0
Event: 3.271 Thread 0x00000236b7fafb70 DEOPT UNPACKING pc=0x00000236a053f482 sp=0x0000007fed6fe470 mode 2
Event: 3.278 Thread 0x00000236b7c89aa0 Uncommon trap: trap_request=0xffffffde fr.pc=0x00000236a0a81898 relative=0x0000000000000418
Event: 3.278 Thread 0x00000236b7c89aa0 Uncommon trap: reason=class_check action=maybe_recompile pc=0x00000236a0a81898 method=java.io.BufferedInputStream.read1([BII)I @ 52 c2
Event: 3.278 Thread 0x00000236b7c89aa0 DEOPT PACKING pc=0x00000236a0a81898 sp=0x0000007fed8fdf40
Event: 3.278 Thread 0x00000236b7c89aa0 DEOPT UNPACKING pc=0x00000236a053f482 sp=0x0000007fed8fdef8 mode 2
Event: 3.279 Thread 0x00000236b7c89aa0 Uncommon trap: trap_request=0xffffff45 fr.pc=0x00000236a0a8152c relative=0x00000000000000ac
Event: 3.279 Thread 0x00000236b7c89aa0 Uncommon trap: reason=unstable_if action=reinterpret pc=0x00000236a0a8152c method=java.io.BufferedInputStream.read1([BII)I @ 73 c2
Event: 3.279 Thread 0x00000236b7c89aa0 DEOPT PACKING pc=0x00000236a0a8152c sp=0x0000007fed8fdf40
Event: 3.279 Thread 0x00000236b7c89aa0 DEOPT UNPACKING pc=0x00000236a053f482 sp=0x0000007fed8fdf10 mode 2

Classes loaded (20 events):
Event: 3.265 Loading class java/util/EnumMap$Values
Event: 3.265 Loading class java/util/EnumMap$Values done
Event: 3.265 Loading class java/util/EnumMap$ValueIterator
Event: 3.265 Loading class java/util/EnumMap$EnumMapIterator
Event: 3.265 Loading class java/util/EnumMap$EnumMapIterator done
Event: 3.265 Loading class java/util/EnumMap$ValueIterator done
Event: 3.279 Loading class java/nio/DirectByteBuffer$Deallocator
Event: 3.279 Loading class java/nio/DirectByteBuffer$Deallocator done
Event: 3.287 Loading class java/nio/ShortBuffer
Event: 3.287 Loading class java/nio/ShortBuffer done
Event: 3.287 Loading class java/nio/DoubleBuffer
Event: 3.287 Loading class java/nio/DoubleBuffer done
Event: 3.288 Loading class java/nio/DirectFloatBufferU
Event: 3.288 Loading class java/nio/DirectFloatBufferU done
Event: 3.290 Loading class java/lang/FdLibm$Atan2
Event: 3.290 Loading class java/lang/FdLibm$Atan2 done
Event: 3.304 Loading class java/lang/Throwable$WrappedPrintStream
Event: 3.305 Loading class java/lang/Throwable$PrintStreamOrWriter
Event: 3.305 Loading class java/lang/Throwable$PrintStreamOrWriter done
Event: 3.305 Loading class java/lang/Throwable$WrappedPrintStream done

Classes unloaded (0 events):
No events

Classes redefined (0 events):
No events

Internal exceptions (20 events):
Event: 3.130 Thread 0x00000236b7fafb70 Exception <a 'java/io/FileNotFoundException'{0x0000000696a78b20}> (0x0000000696a78b20) 
thrown [s\open\src\hotspot\share\prims\jni.cpp, line 516]
Event: 3.131 Thread 0x00000236b7fafb70 Exception <a 'java/io/FileNotFoundException'{0x0000000696a91398}> (0x0000000696a91398) 
thrown [s\open\src\hotspot\share\prims\jni.cpp, line 516]
Event: 3.131 Thread 0x00000236b7fafb70 Exception <a 'java/io/FileNotFoundException'{0x0000000696a92700}> (0x0000000696a92700) 
thrown [s\open\src\hotspot\share\prims\jni.cpp, line 516]
Event: 3.137 Thread 0x00000236b7fafb70 Exception <a 'java/io/FileNotFoundException'{0x0000000696bb4690}> (0x0000000696bb4690) 
thrown [s\open\src\hotspot\share\prims\jni.cpp, line 516]
Event: 3.137 Thread 0x00000236b7fafb70 Exception <a 'java/io/FileNotFoundException'{0x0000000696bb5750}> (0x0000000696bb5750) 
thrown [s\open\src\hotspot\share\prims\jni.cpp, line 516]
Event: 3.137 Thread 0x00000236b7fafb70 Exception <a 'java/io/FileNotFoundException'{0x0000000696bb6828}> (0x0000000696bb6828) 
thrown [s\open\src\hotspot\share\prims\jni.cpp, line 516]
Event: 3.137 Thread 0x00000236b7fafb70 Exception <a 'java/io/FileNotFoundException'{0x0000000696bb78e0}> (0x0000000696bb78e0) 
thrown [s\open\src\hotspot\share\prims\jni.cpp, line 516]
Event: 3.140 Thread 0x00000236b7fafb70 Exception <a 'java/io/FileNotFoundException'{0x0000000696bcbb48}> (0x0000000696bcbb48) 
thrown [s\open\src\hotspot\share\prims\jni.cpp, line 516]
Event: 3.140 Thread 0x00000236b7fafb70 Exception <a 'java/io/FileNotFoundException'{0x0000000696bccc08}> (0x0000000696bccc08) 
thrown [s\open\src\hotspot\share\prims\jni.cpp, line 516]
Event: 3.140 Thread 0x00000236b7fafb70 Exception <a 'java/io/FileNotFoundException'{0x0000000696bcdce0}> (0x0000000696bcdce0) 
thrown [s\open\src\hotspot\share\prims\jni.cpp, line 516]
Event: 3.140 Thread 0x00000236b7fafb70 Exception <a 'java/io/FileNotFoundException'{0x0000000696bced98}> (0x0000000696bced98) 
thrown [s\open\src\hotspot\share\prims\jni.cpp, line 516]
Event: 3.172 Thread 0x00000236b7fafb70 Exception <a 'java/lang/NoSuchMethodError'{0x00000006964960d0}: 'java.lang.Object java.lang.invoke.DirectMethodHandle$Holder.newInvokeSpecial(java.lang.Object, java.lang.Object, int)'> (0x00000006964960d0) 
thrown [s\open\src\hotspot\share\interpreter\linkResolver.cpp, line 804]
Event: 3.219 Thread 0x00000236b7fafb70 Exception <a 'java/lang/NoSuchMethodError'{0x00000006965901c0}: 'long java.lang.invoke.DirectMethodHandle$Holder.invokeStaticInit(java.lang.Object, java.lang.Object, java.lang.Object)'> (0x00000006965901c0) 
thrown [s\open\src\hotspot\share\interpreter\linkResolver.cpp, line 804]
Event: 3.265 Thread 0x00000236b7c89aa0 Exception <a 'java/lang/NoSuchMethodError'{0x0000000696772e10}: 'int java.lang.invoke.DirectMethodHandle$Holder.invokeStaticInit(java.lang.Object, java.lang.Object)'> (0x0000000696772e10) 
thrown [s\open\src\hotspot\share\interpreter\linkResolver.cpp, line 804]
Event: 3.304 Thread 0x00000236b7c89aa0 Exception <a 'java/lang/NullPointerException'{0x00000006960bd0f0}> (0x00000006960bd0f0) 
thrown [s\open\src\hotspot\share\interpreter\linkResolver.cpp, line 1522]
Event: 3.308 Thread 0x00000236b7c89aa0 Exception <a 'java/lang/NullPointerException'{0x00000006960c4ba0}> (0x00000006960c4ba0) 
thrown [s\open\src\hotspot\share\interpreter\linkResolver.cpp, line 1522]
Event: 3.311 Thread 0x00000236b7c89aa0 Exception <a 'java/lang/NullPointerException'{0x00000006960cbd70}> (0x00000006960cbd70) 
thrown [s\open\src\hotspot\share\interpreter\linkResolver.cpp, line 1522]
Event: 3.314 Thread 0x00000236b7c89aa0 Exception <a 'java/lang/NullPointerException'{0x00000006960d2f40}> (0x00000006960d2f40) 
thrown [s\open\src\hotspot\share\interpreter\linkResolver.cpp, line 1522]
Event: 3.316 Thread 0x00000236b7c89aa0 Exception <a 'java/lang/NullPointerException'{0x00000006960da110}> (0x00000006960da110) 
thrown [s\open\src\hotspot\share\interpreter\linkResolver.cpp, line 1522]
Event: 3.319 Thread 0x00000236b7c89aa0 Exception <a 'java/lang/NullPointerException'{0x00000006960e1558}> (0x00000006960e1558) 
thrown [s\open\src\hotspot\share\interpreter\linkResolver.cpp, line 1522]

VM Operations (20 events):
Event: 2.285 Executing safepoint VM operation: G1CollectForAllocation (G1 Evacuation Pause)
Event: 2.288 Executing safepoint VM operation: G1CollectForAllocation (G1 Evacuation Pause) done
Event: 2.390 Executing non-safepoint VM operation: HandshakeAllThreads (Deoptimize)
Event: 2.390 Executing non-safepoint VM operation: HandshakeAllThreads (Deoptimize) done
Event: 2.655 Executing non-safepoint VM operation: HandshakeAllThreads (Deoptimize)
Event: 2.655 Executing non-safepoint VM operation: HandshakeAllThreads (Deoptimize) done
Event: 2.765 Executing non-safepoint VM operation: HandshakeAllThreads (Deoptimize)
Event: 2.765 Executing non-safepoint VM operation: HandshakeAllThreads (Deoptimize) done
Event: 2.798 Executing non-safepoint VM operation: HandshakeAllThreads (Deoptimize)
Event: 2.798 Executing non-safepoint VM operation: HandshakeAllThreads (Deoptimize) done
Event: 2.801 Executing non-safepoint VM operation: HandshakeAllThreads (Deoptimize)
Event: 2.801 Executing non-safepoint VM operation: HandshakeAllThreads (Deoptimize) done
Event: 2.965 Executing non-safepoint VM operation: HandshakeAllThreads (Deoptimize)
Event: 2.965 Executing non-safepoint VM operation: HandshakeAllThreads (Deoptimize) done
Event: 2.995 Executing non-safepoint VM operation: HandshakeAllThreads (Deoptimize)
Event: 2.996 Executing non-safepoint VM operation: HandshakeAllThreads (Deoptimize) done
Event: 2.996 Executing non-safepoint VM operation: HandshakeAllThreads (Deoptimize)
Event: 2.996 Executing non-safepoint VM operation: HandshakeAllThreads (Deoptimize) done
Event: 3.166 Executing non-safepoint VM operation: HandshakeAllThreads (Deoptimize)
Event: 3.166 Executing non-safepoint VM operation: HandshakeAllThreads (Deoptimize) done

Memory protections (0 events):
No events

Nmethod flushes (0 events):
No events

Events (20 events):
Event: 0.031 Thread 0x000002368e8ec510 Thread added: 0x00000236b280c7e0
Event: 0.031 Thread 0x000002368e8ec510 Thread added: 0x00000236b280e2c0
Event: 0.031 Thread 0x000002368e8ec510 Thread added: 0x00000236b2820160
Event: 0.031 Thread 0x000002368e8ec510 Thread added: 0x00000236b2822330
Event: 0.031 Thread 0x000002368e8ec510 Thread added: 0x00000236b2822b40
Event: 0.071 Thread 0x000002368e8ec510 Thread added: 0x00000236b70b8bc0
Event: 0.106 Thread 0x00000236b2822b40 Thread added: 0x00000236b717a5a0
Event: 0.107 Thread 0x00000236b2822330 Thread added: 0x00000236b717be80
Event: 0.135 Thread 0x000002368e8ec510 Thread added: 0x00000236b75fd4d0
Event: 0.318 Thread 0x000002368e8ec510 Thread added: 0x00000236b7c89aa0
Event: 1.922 Thread 0x00000236b717be80 Thread exited: 0x00000236b717be80
Event: 1.923 Thread 0x00000236b717a5a0 Thread exited: 0x00000236b717a5a0
Event: 1.938 Thread 0x000002368e8ec510 Thread added: 0x00000236b7fadf10
Event: 1.941 Thread 0x000002368e8ec510 Thread added: 0x00000236b7fafb70
Event: 2.025 Thread 0x000002368e8ec510 Thread added: 0x00000236b827fb30
Event: 2.038 Thread 0x00000236b83036b0 Thread added: 0x00000236b83036b0
Event: 2.061 Thread 0x00000236b2822b40 Thread added: 0x00000236b82538f0
Event: 2.066 Thread 0x00000236b2822b40 Thread added: 0x00000236b82518b0
Event: 2.259 Thread 0x00000236b7fafb70 Thread added: 0x00000236be74d500
Event: 2.621 Thread 0x00000236b7fafb70 Thread added: 0x00000236becca430


Dynamic libraries:
0x00007ff700b90000 - 0x00007ff700b9e000 	C:\Users\nesri\.jdks\openjdk-25.0.2\bin\java.exe
0x00007ffde4840000 - 0x00007ffde4aa8000 	C:\WINDOWS\SYSTEM32\ntdll.dll
0x00007ffde2b70000 - 0x00007ffde2c39000 	C:\WINDOWS\System32\KERNEL32.DLL
0x00007ffde1bb0000 - 0x00007ffde1fa1000 	C:\WINDOWS\System32\KERNELBASE.dll
0x00007ffde2260000 - 0x00007ffde23ab000 	C:\WINDOWS\System32\ucrtbase.dll
0x00007ffda3fb0000 - 0x00007ffda3fc7000 	C:\Users\nesri\.jdks\openjdk-25.0.2\bin\jli.dll
0x00007ffd9e400000 - 0x00007ffd9e41e000 	C:\Users\nesri\.jdks\openjdk-25.0.2\bin\VCRUNTIME140.dll
0x00007ffde4620000 - 0x00007ffde47e6000 	C:\WINDOWS\System32\USER32.dll
0x00007ffde25b0000 - 0x00007ffde25d7000 	C:\WINDOWS\System32\win32u.dll
0x00007ffdbfa20000 - 0x00007ffdbfcb3000 	C:\WINDOWS\WinSxS\amd64_microsoft.windows.common-controls_6595b64144ccf1df_6.0.26100.7824_none_3e0870b2e3345462\COMCTL32.dll
0x00007ffde3290000 - 0x00007ffde32bb000 	C:\WINDOWS\System32\GDI32.dll
0x00007ffde30e0000 - 0x00007ffde3189000 	C:\WINDOWS\System32\msvcrt.dll
0x00007ffde2130000 - 0x00007ffde225b000 	C:\WINDOWS\System32\gdi32full.dll
0x00007ffde1a40000 - 0x00007ffde1ae3000 	C:\WINDOWS\System32\msvcp_win.dll
0x00007ffde36f0000 - 0x00007ffde3721000 	C:\WINDOWS\System32\IMM32.DLL
0x00007ffd9e3f0000 - 0x00007ffd9e3fc000 	C:\Users\nesri\.jdks\openjdk-25.0.2\bin\vcruntime140_1.dll
0x00007ffd98620000 - 0x00007ffd986ad000 	C:\Users\nesri\.jdks\openjdk-25.0.2\bin\msvcp140.dll
0x00007ffd199a0000 - 0x00007ffd1a7ff000 	C:\Users\nesri\.jdks\openjdk-25.0.2\bin\server\jvm.dll
0x00007ffde38c0000 - 0x00007ffde3974000 	C:\WINDOWS\System32\ADVAPI32.dll
0x00007ffde42e0000 - 0x00007ffde4386000 	C:\WINDOWS\System32\sechost.dll
0x00007ffde3730000 - 0x00007ffde3848000 	C:\WINDOWS\System32\RPCRT4.dll
0x00007ffde4450000 - 0x00007ffde44c4000 	C:\WINDOWS\System32\WS2_32.dll
0x00007ffddfd30000 - 0x00007ffddfd8e000 	C:\WINDOWS\SYSTEM32\POWRPROF.dll
0x00007ffdd5990000 - 0x00007ffdd59c5000 	C:\WINDOWS\SYSTEM32\WINMM.dll
0x00007ffdd0e20000 - 0x00007ffdd0e2b000 	C:\WINDOWS\SYSTEM32\VERSION.dll
0x00007ffddfd10000 - 0x00007ffddfd24000 	C:\WINDOWS\SYSTEM32\UMPDC.dll
0x00007ffddffe0000 - 0x00007ffddfffb000 	C:\WINDOWS\SYSTEM32\kernel.appcore.dll
0x00007ffd9e0d0000 - 0x00007ffd9e0da000 	C:\Users\nesri\.jdks\openjdk-25.0.2\bin\jimage.dll
0x00007ffddefc0000 - 0x00007ffddf202000 	C:\WINDOWS\SYSTEM32\DBGHELP.DLL
0x00007ffde2780000 - 0x00007ffde2b06000 	C:\WINDOWS\System32\combase.dll
0x00007ffde3510000 - 0x00007ffde35e7000 	C:\WINDOWS\System32\OLEAUT32.dll
0x00007ffdcfac0000 - 0x00007ffdcfafb000 	C:\WINDOWS\SYSTEM32\dbgcore.DLL
0x00007ffde1120000 - 0x00007ffde11c5000 	C:\WINDOWS\System32\bcryptPrimitives.dll
0x00007ffd9d410000 - 0x00007ffd9d42f000 	C:\Users\nesri\.jdks\openjdk-25.0.2\bin\java.dll
0x00007ffde25e0000 - 0x00007ffde2777000 	C:\WINDOWS\System32\ole32.dll
0x00007ffde39a0000 - 0x00007ffde40f2000 	C:\WINDOWS\System32\SHELL32.dll
0x00007ffde23b0000 - 0x00007ffde251a000 	C:\WINDOWS\System32\wintypes.dll
0x00007ffde11d0000 - 0x00007ffde1a33000 	C:\WINDOWS\System32\windows.storage.dll
0x00007ffde35f0000 - 0x00007ffde36e6000 	C:\WINDOWS\System32\SHCORE.dll
0x00007ffde3850000 - 0x00007ffde38b7000 	C:\WINDOWS\System32\shlwapi.dll
0x00007ffde1040000 - 0x00007ffde1069000 	C:\WINDOWS\SYSTEM32\profapi.dll
0x00007ffdd7d40000 - 0x00007ffdd7d52000 	C:\Users\nesri\.jdks\openjdk-25.0.2\bin\net.dll
0x00007ffde0550000 - 0x00007ffde05bb000 	C:\WINDOWS\system32\mswsock.dll
0x00007ffdcf360000 - 0x00007ffdcf376000 	C:\Users\nesri\.jdks\openjdk-25.0.2\bin\nio.dll
0x00007ffdce570000 - 0x00007ffdce587000 	C:\Users\nesri\.jdks\openjdk-25.0.2\bin\zip.dll
0x000002368eff0000 - 0x000002368eff4000 	C:\Users\nesri\.openjfx\cache\25.0.2+4\amd64\api-ms-win-core-console-l1-1-0.dll
0x000002368f000000 - 0x000002368f004000 	C:\Users\nesri\.openjfx\cache\25.0.2+4\amd64\api-ms-win-core-console-l1-2-0.dll
0x000002368f010000 - 0x000002368f014000 	C:\Users\nesri\.openjfx\cache\25.0.2+4\amd64\api-ms-win-core-datetime-l1-1-0.dll
0x00000236b2ec0000 - 0x00000236b2ec4000 	C:\Users\nesri\.openjfx\cache\25.0.2+4\amd64\api-ms-win-core-debug-l1-1-0.dll
0x00000236b2ed0000 - 0x00000236b2ed4000 	C:\Users\nesri\.openjfx\cache\25.0.2+4\amd64\api-ms-win-core-errorhandling-l1-1-0.dll
0x00000236b2ee0000 - 0x00000236b2ee5000 	C:\Users\nesri\.openjfx\cache\25.0.2+4\amd64\api-ms-win-core-file-l1-1-0.dll
0x00000236b2ef0000 - 0x00000236b2ef4000 	C:\Users\nesri\.openjfx\cache\25.0.2+4\amd64\api-ms-win-core-file-l1-2-0.dll
0x00000236b2f00000 - 0x00000236b2f04000 	C:\Users\nesri\.openjfx\cache\25.0.2+4\amd64\api-ms-win-core-file-l2-1-0.dll
0x00000236b2f10000 - 0x00000236b2f14000 	C:\Users\nesri\.openjfx\cache\25.0.2+4\amd64\api-ms-win-core-handle-l1-1-0.dll
0x00000236b2f20000 - 0x00000236b2f24000 	C:\Users\nesri\.openjfx\cache\25.0.2+4\amd64\api-ms-win-core-heap-l1-1-0.dll
0x00000236b2f30000 - 0x00000236b2f34000 	C:\Users\nesri\.openjfx\cache\25.0.2+4\amd64\api-ms-win-core-interlocked-l1-1-0.dll
0x00000236b2f40000 - 0x00000236b2f44000 	C:\Users\nesri\.openjfx\cache\25.0.2+4\amd64\api-ms-win-core-libraryloader-l1-1-0.dll
0x00000236b2f50000 - 0x00000236b2f54000 	C:\Users\nesri\.openjfx\cache\25.0.2+4\amd64\api-ms-win-core-localization-l1-2-0.dll
0x00000236b2f60000 - 0x00000236b2f64000 	C:\Users\nesri\.openjfx\cache\25.0.2+4\amd64\api-ms-win-core-memory-l1-1-0.dll
0x00000236b2f70000 - 0x00000236b2f74000 	C:\Users\nesri\.openjfx\cache\25.0.2+4\amd64\api-ms-win-core-namedpipe-l1-1-0.dll
0x00000236b2f80000 - 0x00000236b2f84000 	C:\Users\nesri\.openjfx\cache\25.0.2+4\amd64\api-ms-win-core-processenvironment-l1-1-0.dll
0x00000236b2f90000 - 0x00000236b2f94000 	C:\Users\nesri\.openjfx\cache\25.0.2+4\amd64\api-ms-win-core-processthreads-l1-1-0.dll
0x00000236b2fa0000 - 0x00000236b2fa4000 	C:\Users\nesri\.openjfx\cache\25.0.2+4\amd64\api-ms-win-core-processthreads-l1-1-1.dll
0x00000236b2fb0000 - 0x00000236b2fb4000 	C:\Users\nesri\.openjfx\cache\25.0.2+4\amd64\api-ms-win-core-profile-l1-1-0.dll
0x00000236b2fc0000 - 0x00000236b2fc4000 	C:\Users\nesri\.openjfx\cache\25.0.2+4\amd64\api-ms-win-core-rtlsupport-l1-1-0.dll
0x00000236b2fd0000 - 0x00000236b2fd4000 	C:\Users\nesri\.openjfx\cache\25.0.2+4\amd64\api-ms-win-core-string-l1-1-0.dll
0x00000236b2fe0000 - 0x00000236b2fe4000 	C:\Users\nesri\.openjfx\cache\25.0.2+4\amd64\api-ms-win-core-synch-l1-1-0.dll
0x00000236b2ff0000 - 0x00000236b2ff4000 	C:\Users\nesri\.openjfx\cache\25.0.2+4\amd64\api-ms-win-core-synch-l1-2-0.dll
0x00000236b7d90000 - 0x00000236b7d94000 	C:\Users\nesri\.openjfx\cache\25.0.2+4\amd64\api-ms-win-core-sysinfo-l1-1-0.dll
0x00000236b7da0000 - 0x00000236b7da4000 	C:\Users\nesri\.openjfx\cache\25.0.2+4\amd64\api-ms-win-core-timezone-l1-1-0.dll
0x00000236b7db0000 - 0x00000236b7db4000 	C:\Users\nesri\.openjfx\cache\25.0.2+4\amd64\api-ms-win-core-util-l1-1-0.dll
0x00000236b7dc0000 - 0x00000236b7dc4000 	C:\Users\nesri\.openjfx\cache\25.0.2+4\amd64\api-ms-win-crt-conio-l1-1-0.dll
0x00000236b7dd0000 - 0x00000236b7dd5000 	C:\Users\nesri\.openjfx\cache\25.0.2+4\amd64\api-ms-win-crt-convert-l1-1-0.dll
0x00000236b7de0000 - 0x00000236b7de4000 	C:\Users\nesri\.openjfx\cache\25.0.2+4\amd64\api-ms-win-crt-environment-l1-1-0.dll
0x00000236b7df0000 - 0x00000236b7df4000 	C:\Users\nesri\.openjfx\cache\25.0.2+4\amd64\api-ms-win-crt-filesystem-l1-1-0.dll
0x00000236b7e00000 - 0x00000236b7e04000 	C:\Users\nesri\.openjfx\cache\25.0.2+4\amd64\api-ms-win-crt-heap-l1-1-0.dll
0x00000236b7e10000 - 0x00000236b7e14000 	C:\Users\nesri\.openjfx\cache\25.0.2+4\amd64\api-ms-win-crt-locale-l1-1-0.dll
0x00000236b7e20000 - 0x00000236b7e26000 	C:\Users\nesri\.openjfx\cache\25.0.2+4\amd64\api-ms-win-crt-math-l1-1-0.dll
0x00000236b7e30000 - 0x00000236b7e36000 	C:\Users\nesri\.openjfx\cache\25.0.2+4\amd64\api-ms-win-crt-multibyte-l1-1-0.dll
0x00000236b7e40000 - 0x00000236b7e51000 	C:\Users\nesri\.openjfx\cache\25.0.2+4\amd64\api-ms-win-crt-private-l1-1-0.dll
0x00000236b7e60000 - 0x00000236b7e64000 	C:\Users\nesri\.openjfx\cache\25.0.2+4\amd64\api-ms-win-crt-process-l1-1-0.dll
0x00000236b7e70000 - 0x00000236b7e75000 	C:\Users\nesri\.openjfx\cache\25.0.2+4\amd64\api-ms-win-crt-runtime-l1-1-0.dll
0x00000236b7e80000 - 0x00000236b7e85000 	C:\Users\nesri\.openjfx\cache\25.0.2+4\amd64\api-ms-win-crt-stdio-l1-1-0.dll
0x00000236b7e90000 - 0x00000236b7e95000 	C:\Users\nesri\.openjfx\cache\25.0.2+4\amd64\api-ms-win-crt-string-l1-1-0.dll
0x00000236b7ea0000 - 0x00000236b7ea4000 	C:\Users\nesri\.openjfx\cache\25.0.2+4\amd64\api-ms-win-crt-time-l1-1-0.dll
0x00000236b7eb0000 - 0x00000236b7eb4000 	C:\Users\nesri\.openjfx\cache\25.0.2+4\amd64\api-ms-win-crt-utility-l1-1-0.dll
0x00007ffd19740000 - 0x00007ffd19851000 	C:\Users\nesri\.openjfx\cache\25.0.2+4\amd64\ucrtbase.dll
0x00007ffd9d3f0000 - 0x00007ffd9d40e000 	C:\Users\nesri\.openjfx\cache\25.0.2+4\amd64\vcruntime140.dll
0x00007ffda3fd0000 - 0x00007ffda3fdc000 	C:\Users\nesri\.openjfx\cache\25.0.2+4\amd64\vcruntime140_1.dll
0x00007ffd165a0000 - 0x00007ffd1662d000 	C:\Users\nesri\.openjfx\cache\25.0.2+4\amd64\msvcp140.dll
0x00007ffd9b5d0000 - 0x00007ffd9b5d9000 	C:\Users\nesri\.openjfx\cache\25.0.2+4\amd64\msvcp140_1.dll
0x00007ffd98b40000 - 0x00007ffd98b81000 	C:\Users\nesri\.openjfx\cache\25.0.2+4\amd64\msvcp140_2.dll
0x00007ffd985f0000 - 0x00007ffd98620000 	C:\Users\nesri\.openjfx\cache\25.0.2+4\amd64\prism_d3d.dll
0x00007ffd31610000 - 0x00007ffd317c3000 	C:\WINDOWS\system32\d3d9.dll
0x00007ffdde950000 - 0x00007ffdde981000 	C:\WINDOWS\SYSTEM32\dwmapi.dll
0x00007ffddea00000 - 0x00007ffddea44000 	C:\WINDOWS\SYSTEM32\dxcore.dll
0x00007ffdde350000 - 0x00007ffdde3fb000 	C:\WINDOWS\system32\uxtheme.dll
0x00007ffd15a30000 - 0x00007ffd15c8f000 	C:\WINDOWS\System32\DriverStore\FileRepository\iigd_dch.inf_amd64_f63934308f6cc308\igdumdim64.dll
0x00007ffd144e0000 - 0x00007ffd15a29000 	C:\WINDOWS\System32\DriverStore\FileRepository\iigd_dch.inf_amd64_f63934308f6cc308\igd9dxva64.dll
0x00007ffde2c50000 - 0x00007ffde30d9000 	C:\WINDOWS\System32\SETUPAPI.dll
0x00007ffde0dd0000 - 0x00007ffde0e27000 	C:\WINDOWS\SYSTEM32\cfgmgr32.dll
0x00007ffd6a630000 - 0x00007ffd6c35b000 	C:\WINDOWS\System32\DriverStore\FileRepository\iigd_dch.inf_amd64_f63934308f6cc308\media_bin_64.dll
0x00007ffdd5470000 - 0x00007ffdd58ae000 	C:\WINDOWS\System32\DriverStore\FileRepository\iigd_dch.inf_amd64_f63934308f6cc308\igdgmm64.dll
0x00007ffdd9b60000 - 0x00007ffdd9bc3000 	C:\WINDOWS\SYSTEM32\directxdatabasehelper.dll
0x00007ffd2c810000 - 0x00007ffd2c859000 	C:\Users\nesri\.openjfx\cache\25.0.2+4\amd64\glass.dll
0x00007ffde3190000 - 0x00007ffde327f000 	C:\WINDOWS\System32\COMDLG32.dll
0x00007ffde44d0000 - 0x00007ffde4580000 	C:\WINDOWS\System32\clbcatq.dll
0x00007ffdb3340000 - 0x00007ffdb3496000 	C:\Windows\System32\Windows.UI.dll
0x00007ffda7000000 - 0x00007ffda70bc000 	C:\Windows\System32\Windows.Networking.Connectivity.dll
0x00007ffdcf560000 - 0x00007ffdcf7a4000 	C:\Windows\System32\twinapi.appcore.dll
0x00007ffde3320000 - 0x00007ffde347f000 	C:\WINDOWS\System32\MSCTF.dll
0x00007ffd9d4c0000 - 0x00007ffd9d4e7000 	C:\WINDOWS\System32\DriverStore\FileRepository\iigd_dch.inf_amd64_f63934308f6cc308\igdinfo64.dll
0x00007ffdd13f0000 - 0x00007ffdd5432000 	C:\WINDOWS\System32\DriverStore\FileRepository\iigd_dch.inf_amd64_f63934308f6cc308\igc64.dll
0x00007ffdb1280000 - 0x00007ffdb13cf000 	C:\Windows\System32\Windows.UI.Immersive.dll
0x00007ffdd77c0000 - 0x00007ffdd77d9000 	C:\WINDOWS\System32\npmproxy.dll
0x00007ffdd8650000 - 0x00007ffdd86e1000 	C:\WINDOWS\SYSTEM32\wlanapi.dll
0x00007ffdd95f0000 - 0x00007ffdd9612000 	C:\WINDOWS\SYSTEM32\MobileNetworking.dll
0x00007ffddf9e0000 - 0x00007ffddfa14000 	C:\Windows\System32\IPHLPAPI.DLL
0x00007ffde47f0000 - 0x00007ffde47fa000 	C:\WINDOWS\System32\NSI.dll
0x00007ffd53040000 - 0x00007ffd53053000 	C:\Windows\System32\dusmapi.dll
0x00007ffddfac0000 - 0x00007ffddfbec000 	C:\WINDOWS\SYSTEM32\DNSAPI.dll
0x00007ffdd8720000 - 0x00007ffdd872b000 	C:\Windows\System32\rasadhlp.dll
0x00007ffdd9a10000 - 0x00007ffdd9a96000 	C:\WINDOWS\System32\fwpuclnt.dll
0x00007ffd9b140000 - 0x00007ffd9b149000 	C:\Users\nesri\.jdks\openjdk-25.0.2\bin\extnet.dll
0x00007ffdd1340000 - 0x00007ffdd1355000 	C:\Users\nesri\.openjfx\cache\25.0.2+4\amd64\javafx_font.dll
0x00007ffdd1310000 - 0x00007ffdd133e000 	C:\Users\nesri\.openjfx\cache\25.0.2+4\amd64\javafx_iio.dll
0x00007ffddcda0000 - 0x00007ffddd007000 	C:\WINDOWS\SYSTEM32\dwrite.dll
0x00007ffddcb60000 - 0x00007ffddcd8f000 	C:\WINDOWS\SYSTEM32\WindowsCodecs.dll

JVMTI agents: none

dbghelp: loaded successfully - version: 4.0.5 - missing functions: none
symbol engine: initialized successfully - sym options: 0x614 - pdb path: .;C:\Users\nesri\.jdks\openjdk-25.0.2\bin;C:\WINDOWS\SYSTEM32;C:\WINDOWS\WinSxS\amd64_microsoft.windows.common-controls_6595b64144ccf1df_6.0.26100.7824_none_3e0870b2e3345462;C:\Users\nesri\.jdks\openjdk-25.0.2\bin\server;C:\Users\nesri\.openjfx\cache\25.0.2+4\amd64;C:\WINDOWS\System32\DriverStore\FileRepository\iigd_dch.inf_amd64_f63934308f6cc308;C:\Program Files\Common Files\Microsoft Shared\Ink

VM Arguments:
jvm_args: --add-modules=javafx.controls,javafx.fxml --module-path=C:\Users\nesri\.m2\repository\org\openjfx\javafx-base\25.0.2\javafx-base-25.0.2-win.jar;C:\Users\nesri\.m2\repository\org\openjfx\javafx-base\25.0.2\javafx-base-25.0.2.jar;C:\Users\nesri\.m2\repository\org\openjfx\javafx-controls\25.0.2\javafx-controls-25.0.2-win.jar;C:\Users\nesri\.m2\repository\org\openjfx\javafx-controls\25.0.2\javafx-controls-25.0.2.jar;C:\Users\nesri\.m2\repository\org\openjfx\javafx-fxml\25.0.2\javafx-fxml-25.0.2-win.jar;C:\Users\nesri\.m2\repository\org\openjfx\javafx-graphics\25.0.2\javafx-graphics-25.0.2-win.jar;C:\Users\nesri\.m2\repository\org\openjfx\javafx-graphics\25.0.2\javafx-graphics-25.0.2.jar;C:\Users\nesri\.m2\repository\org\openjfx\javafx-media\25.0.2\javafx-media-25.0.2-win.jar;C:\Users\nesri\.m2\repository\org\openjfx\javafx-swing\21\javafx-swing-21-win.jar;C:\Users\nesri\.m2\repository\org\openjfx\javafx-swing\21\javafx-swing-21.jar --add-modules=javafx.base,javafx.controls,javafx.fxml,javafx.graphics,javafx.media,javafx.swing 
java_command: test.MainFX
java_class_path (initial): C:\Users\nesri\Music\PIDEV-EVENTS\PIDEV-EVENT\PIDEV-EVENTS\target\classes;C:\Users\nesri\.m2\repository\ai\djl\api\0.26.0\api-0.26.0.jar;C:\Users\nesri\.m2\repository\ai\djl\basicdataset\0.26.0\basicdataset-0.26.0.jar;C:\Users\nesri\.m2\repository\ai\djl\model-zoo\0.26.0\model-zoo-0.26.0.jar;C:\Users\nesri\.m2\repository\ai\djl\pytorch\pytorch-engine\0.26.0\pytorch-engine-0.26.0.jar;C:\Users\nesri\.m2\repository\ai\djl\pytorch\pytorch-model-zoo\0.26.0\pytorch-model-zoo-0.26.0.jar;C:\Users\nesri\.m2\repository\com\fasterxml\jackson\core\jackson-annotations\2.13.5\jackson-annotations-2.13.5.jar;C:\Users\nesri\.m2\repository\com\fasterxml\jackson\core\jackson-core\2.13.5\jackson-core-2.13.5.jar;C:\Users\nesri\.m2\repository\com\fasterxml\jackson\core\jackson-databind\2.13.5\jackson-databind-2.13.5.jar;C:\Users\nesri\.m2\repository\com\google\code\gson\gson\2.10.1\gson-2.10.1.jar;C:\Users\nesri\.m2\repository\com\google\protobuf\protobuf-java\3.21.9\protobuf-java-3.21.9.jar;C:\Users\nesri\.m2\repository\com\itextpdf\itextpdf\5.5.13.4\itextpdf-5.5.13.4.jar;C:\Users\nesri\.m2\repository\com\microsoft\onnxruntime\onnxruntime\1.17.1\onnxruntime-1.17.1.jar;C:\Users\nesri\.m2\repository\com\mysql\mysql-connector-j\8.0.33\mysql-connector-j-8.0.33.jar;C:\Users\nesri\.m2\repository\commons-codec\commons-codec\1.11\commons-codec-1.11.jar;C:\Users\nesri\.m2\repository\commons-logging\commons-logging\1.2\commons-logging-1.2.jar;C:\Users\nesri\.m2\repository\net\java\dev\jna\jna\5.13.0\jna-5.13.0.jar;C:\Users\nesri\.m2\repository\org\apache\commons\commons-compress\1.25.0\commons-compress-1.25.0.jar;C:\Users\nesri\.m2\repository\org\apache\commons\commons-csv\1.10.0\commons-csv-1.10.0.jar;C:\Users\nesri\.m2\repository\org\apache\httpcomponents\httpclient\4.5.14\httpclient-4.5.14.jar;C:\Users\nesri\.m2\repository\org\apache\httpcomponents\httpcore\4.4.16\httpcore-4.4.16.jar;C:\Users\nesri\.m2\repository\org\bytedeco\javacpp\1.5.6\javacpp-1.5.6-linux-x86_64.jar;C:\Users\nesri\.m2\repository\org\bytedeco\javacpp\1.5.6\javacpp-1.5.6-macosx-x86_64.jar;C:\Users\nesri\.m2\repository\org\bytedeco\javacpp\1.5.6\javacpp-1.5.6-windows-x86_64.jar;C:\Users\nesri\.m2\repository\org\bytedeco\javacpp\1.5.6\javacpp-1.5.6.jar;C:\Users\nesri\.m2\repository\org\openpnp\opencv\4.9.0-0\opencv-4.9.0-0.jar;C:\Users\nesri\.m2\repository\org\slf4j\slf4j-api\1.7.36\slf4j-api-1.7.36.jar;C:\Users\nesri\.m2\repository\org\tensorflow\ndarray\0.3.3\ndarray-0.3.3.jar;C:\Users\nesri\.m2\repository\org\tensorflow\tensorflow-core-api\0.4.0\tensorflow-core-api-0.4.0-linux-x86_64.jar;C:\Users\nesri\.m2\repository\org\tensorflow\tensorflow-core-api\0.4.0\tensorflow-core-api-0.4.0-macosx-x86_64.jar;C:\Users\nesri\.m2\repository\org\tensorflow\tensorflow-core-api\0.4.0\tensorflow-core-api-0.4.0-windows-x86_64.jar;C:\Users\nesri\.m2\repository\org\tensorflow\tensorflow-core-api\0.4.0\tensorflow-core-api-0.4.0.jar;C:\Users\nesri\.m2\repository\org\tensorflow\tensorflow-core-platform\0.4.0\tensorflow-core-platform-0.4.0.jar
Launcher Type: SUN_STANDARD

[Global flags]
     intx CICompilerCount                          = 4                                         {product} {ergonomic}
     uint ConcGCThreads                            = 3                                         {product} {ergonomic}
     uint G1ConcRefinementThreads                  = 10                                        {product} {ergonomic}
   size_t G1HeapRegionSize                         = 4194304                                   {product} {ergonomic}
   size_t InitialHeapSize                          = 398458880                                 {product} {ergonomic}
   size_t MarkStackSize                            = 4194304                                   {product} {ergonomic}
   size_t MarkStackSizeMax                         = 536870912                                 {product} {ergonomic}
   size_t MaxHeapSize                              = 6371147776                                {product} {ergonomic}
   size_t MaxNewSize                               = 3821010944                                {product} {ergonomic}
   size_t MinHeapDeltaBytes                        = 4194304                                   {product} {ergonomic}
   size_t MinHeapSize                              = 8388608                                   {product} {ergonomic}
    uintx NonNMethodCodeHeapSize                   = 5832704                                {pd product} {ergonomic}
    uintx NonProfiledCodeHeapSize                  = 122945536                              {pd product} {ergonomic}
    uintx ProfiledCodeHeapSize                     = 122880000                              {pd product} {ergonomic}
    uintx ReservedCodeCacheSize                    = 251658240                              {pd product} {ergonomic}
     bool SegmentedCodeCache                       = true                                      {product} {ergonomic}
   size_t SoftMaxHeapSize                          = 6371147776                             {manageable} {ergonomic}
     bool UseCompressedOops                        = true                           {product lp64_product} {ergonomic}
     bool UseG1GC                                  = true                                      {product} {ergonomic}
     bool UseLargePagesIndividualAllocation        = false                                  {pd product} {ergonomic}

Logging:
Log output configuration:
 #0: stdout all=warning uptime,level,tags foldmultilines=false
 #1: stderr all=off uptime,level,tags foldmultilines=false

Release file:
IMPLEMENTOR="Oracle Corporation" 
JAVA_RUNTIME_VERSION="25.0.2+10-69" 
JAVA_VERSION="25.0.2" 
JAVA_VERSION_DATE="2026-01-20" 
LIBC="default" 
MODULES="java.base java.compiler java.datatransfer java.xml java.prefs java.desktop java.instrument java.logging java.management java.security.sasl java.naming java.rmi java.management.rmi java.net.http java.scripting java.security.jgss java.transaction.xa java.sql java.sql.rowset java.xml.crypto java.se java.smartcardio jdk.accessibility jdk.internal.jvmstat jdk.attach jdk.charsets jdk.internal.opt jdk.zipfs jdk.compiler jdk.crypto.cryptoki jdk.crypto.ec jdk.crypto.mscapi jdk.dynalink jdk.internal.ed jdk.editpad jdk.internal.vm.ci jdk.graal.compiler jdk.graal.compiler.management jdk.hotspot.agent jdk.httpserver jdk.incubator.vector jdk.internal.le jdk.internal.md jdk.jartool jdk.javadoc jdk.jcmd jdk.management jdk.management.agent jdk.jconsole jdk.jdeps jdk.jdwp.agent jdk.jdi jdk.jfr jdk.jlink jdk.jpackage jdk.jshell jdk.jsobject jdk.jstatd jdk.localedata jdk.management.jfr jdk.naming.dns jdk.naming.rmi jdk.net jdk.nio.mapmode jdk.sctp jdk.security.auth jdk.security.jgss jdk.unsupported jdk.unsupported.desktop jdk.xml.dom" 
OS_ARCH="x86_64" 
OS_NAME="Windows" 
SOURCE=".:git:405a5699ebd0" 

Environment Variables:
JAVA_HOME=C:\Users\nesri\.jdks\openjdk-25.0.2
PATH=C:\Users\nesri\.jdks\jbr-21.0.8\bin;C:\oraclexe\app\oracle\product\11.2.0\server\bin;C:\Program Files (x86)\VMware\VMware Workstation\bin\;C:\Windows\system32;C:\Windows;C:\Windows\System32\Wbem;C:\Windows\System32\WindowsPowerShell\v1.0\;C:\Windows\System32\OpenSSH\;C:\Program Files (x86)\NVIDIA Corporation\PhysX\Common;C:\Program Files\NVIDIA Corporation\NVIDIA NvDLISR;C:\Program Files\Git\cmd;C:\xampp\php;C:\WINDOWS\system32;C:\WINDOWS;C:\WINDOWS\System32\Wbem;C:\WINDOWS\System32\WindowsPowerShell\v1.0\;C:\WINDOWS\System32\OpenSSH\;C:\ProgramData\ComposerSetup\bin;C:\Users\nesri\scoop\shims;C:\Users\nesri\AppData\Local\Microsoft\WindowsApps;C:\Users\nesri\AppData\Local\Programs\Microsoft VS Code\bin;C:\Users\nesri\AppData\Roaming\Composer\vendor\bin
USERNAME=nesri
OS=Windows_NT
PROCESSOR_IDENTIFIER=Intel64 Family 6 Model 141 Stepping 1, GenuineIntel
TMP=C:\Users\nesri\AppData\Local\Temp
TEMP=C:\Users\nesri\AppData\Local\Temp




Compilation memory statistics disabled.

Periodic native trim disabled

---------------  S Y S T E M  ---------------

OS:
 Windows 11 , 64 bit Build 26100 (10.0.26100.7705)
OS uptime: 6 days 21:20 hours
Hyper-V role detected

CPU: total 12 (initial active 12) (6 cores per cpu, 2 threads per core) family 6 model 141 stepping 1 microcode 0x34, cx8, cmov, fxsr, ht, mmx, 3dnowpref, sse, sse2, sse3, ssse3, sse4.1, sse4.2, popcnt, lzcnt, tsc, tscinvbit, avx, avx2, aes, erms, clmul, bmi1, bmi2, adx, avx512f, avx512dq, avx512cd, avx512bw, avx512vl, sha, fma, vzeroupper, avx512_vpopcntdq, avx512_vpclmulqdq, avx512_vaes, avx512_vnni, clflush, clflushopt, clwb, avx512_vbmi2, avx512_vbmi, hv, rdtscp, rdpid, fsrm, gfni, avx512_bitalg, f16c, cet_ibt, cet_ss, avx512_ifma
Processor Information for the first 12 processors :
  Max Mhz: 2688, Current Mhz: 2688, Mhz Limit: 2688

Memory: 4k page, system-wide physical 24298M (885M free)
TotalPageFile size 60003M (AvailPageFile size 1M)
current process WorkingSet (physical memory assigned to process): 277M, peak: 277M
current process commit charge ("private bytes"): 607M, peak: 609M

vm_info: OpenJDK 64-Bit Server VM (25.0.2+10-69) for windows-amd64 JRE (25.0.2+10-69), built on 2025-12-18T11:36:35Z with MS VC++ 17.13 (VS2022)

END.
