#
# There is insufficient memory for the Java Runtime Environment to continue.
# Native memory allocation (malloc) failed to allocate 15109976 bytes. Error detail: Chunk::new
# Possible reasons:
#   The system is out of physical RAM or swap space
#   This process is running with CompressedOops enabled, and the Java Heap may be blocking the growth of the native heap
# Possible solutions:
#   Reduce memory load on the system
#   Increase physical memory or swap space
#   Check if swap backing store is full
#   Decrease Java heap size (-Xmx/-Xms)
#   Decrease number of Java threads
#   Decrease Java thread stack sizes (-Xss)
#   Set larger code cache with -XX:ReservedCodeCacheSize=
#   JVM is running with Zero Based Compressed Oops mode in which the Java heap is
#     placed in the first 32GB address space. The Java Heap base address is the
#     maximum limit for the native heap growth. Please use -XX:HeapBaseMinAddress
#     to set the Java Heap base and to place the Java Heap above 32GB virtual address.
# This output file may be truncated or incomplete.
#
#  Out of Memory Error (arena.cpp:186), pid=26440, tid=43488
#
# JRE version: OpenJDK Runtime Environment (25.0.2+10) (build 25.0.2+10-69)
# Java VM: OpenJDK 64-Bit Server VM (25.0.2+10-69, mixed mode, sharing, tiered, compressed oops, compressed class ptrs, g1 gc, windows-amd64)
# No core dump will be written. Minidumps are not enabled by default on client versions of Windows
#

---------------  S U M M A R Y ------------

Command Line: --add-modules=javafx.controls,javafx.fxml --module-path=C:\Users\nesri\.m2\repository\org\openjfx\javafx-base\25.0.2\javafx-base-25.0.2-win.jar;C:\Users\nesri\.m2\repository\org\openjfx\javafx-base\25.0.2\javafx-base-25.0.2.jar;C:\Users\nesri\.m2\repository\org\openjfx\javafx-controls\25.0.2\javafx-controls-25.0.2-win.jar;C:\Users\nesri\.m2\repository\org\openjfx\javafx-controls\25.0.2\javafx-controls-25.0.2.jar;C:\Users\nesri\.m2\repository\org\openjfx\javafx-fxml\25.0.2\javafx-fxml-25.0.2-win.jar;C:\Users\nesri\.m2\repository\org\openjfx\javafx-graphics\25.0.2\javafx-graphics-25.0.2-win.jar;C:\Users\nesri\.m2\repository\org\openjfx\javafx-graphics\25.0.2\javafx-graphics-25.0.2.jar;C:\Users\nesri\.m2\repository\org\openjfx\javafx-media\25.0.2\javafx-media-25.0.2-win.jar;C:\Users\nesri\.m2\repository\org\openjfx\javafx-swing\21\javafx-swing-21-win.jar;C:\Users\nesri\.m2\repository\org\openjfx\javafx-swing\21\javafx-swing-21.jar --add-modules=javafx.base,javafx.controls,javafx.fxml,javafx.graphics,javafx.media,javafx.swing test.MainFX

Host: 11th Gen Intel(R) Core(TM) i5-11400H @ 2.70GHz, 12 cores, 23G,  Windows 11 , 64 bit Build 26100 (10.0.26100.7705)
Time: Fri Feb 20 14:20:13 2026 UTC-11 elapsed time: 3.571096 seconds (0d 0h 0m 3s)

---------------  T H R E A D  ---------------

Current thread (0x000002a45d761fd0):  JavaThread "C2 CompilerThread0" daemon [_thread_in_native, id=43488, stack(0x000000e490c00000,0x000000e490d00000) (1024K)]


Current CompileTask:
C2:3571 3115       4       java.lang.invoke.MethodType::makeImpl (109 bytes)

Stack: [0x000000e490c00000,0x000000e490d00000]
Native frames: (J=compiled Java code, j=interpreted, Vv=VM code, C=native code)
V  [jvm.dll+0x7a70f9]  (no source info available)
V  [jvm.dll+0x772d6d]  (no source info available)
V  [jvm.dll+0x965d53]  (no source info available)
V  [jvm.dll+0x968351]  (no source info available)
V  [jvm.dll+0x968a63]  (no source info available)
V  [jvm.dll+0x2fc846]  (no source info available)
V  [jvm.dll+0x111b16]  (no source info available)
V  [jvm.dll+0x111e3e]  (no source info available)
V  [jvm.dll+0x1a0872]  (no source info available)
V  [jvm.dll+0x3b54c2]  (no source info available)
V  [jvm.dll+0x7aca8f]  (no source info available)
V  [jvm.dll+0x2c0b97]  (no source info available)
V  [jvm.dll+0x2bfb5f]  (no source info available)
V  [jvm.dll+0x2379a0]  (no source info available)
V  [jvm.dll+0x2cfc86]  (no source info available)
V  [jvm.dll+0x2cdf05]  (no source info available)
V  [jvm.dll+0x48e9d1]  (no source info available)
V  [jvm.dll+0x906fcd]  (no source info available)
V  [jvm.dll+0x7a56d5]  (no source info available)
C  [ucrtbase.dll+0x37b0]  (no source info available)
C  [KERNEL32.DLL+0x2e8d7]  (no source info available)
C  [ntdll.dll+0x8c40c]  (no source info available)

Lock stack of current Java thread (top to bottom):


---------------  P R O C E S S  ---------------

Threads class SMR info:
_java_thread_list=0x000002a46b3ed830, length=20, elements={
0x000002a43bca6d80, 0x000002a45d742310, 0x000002a45d742d70, 0x000002a45d748be0,
0x000002a45d7498d0, 0x000002a45d74af10, 0x000002a45d74dce0, 0x000002a45d761fd0,
0x000002a45d762c30, 0x000002a4602f3d00, 0x000002a46094ec90, 0x000002a460ef2c70,
0x000002a465279f40, 0x000002a465280560, 0x000002a465597600, 0x000002a4655fbce0,
0x000002a45d767cd0, 0x000002a45d7664a0, 0x000002a46b9774c0, 0x000002a46b243e50
}

Java Threads: ( => current thread )
  0x000002a43bca6d80 JavaThread "main"                              [_thread_blocked, id=28616, stack(0x000000e48fe00000,0x000000e48ff00000) (1024K)]
  0x000002a45d742310 JavaThread "Reference Handler"          daemon [_thread_blocked, id=37156, stack(0x000000e490600000,0x000000e490700000) (1024K)]
  0x000002a45d742d70 JavaThread "Finalizer"                  daemon [_thread_blocked, id=42796, stack(0x000000e490700000,0x000000e490800000) (1024K)]
  0x000002a45d748be0 JavaThread "Signal Dispatcher"          daemon [_thread_blocked, id=51944, stack(0x000000e490800000,0x000000e490900000) (1024K)]
  0x000002a45d7498d0 JavaThread "Attach Listener"            daemon [_thread_blocked, id=23048, stack(0x000000e490900000,0x000000e490a00000) (1024K)]
  0x000002a45d74af10 JavaThread "Service Thread"             daemon [_thread_blocked, id=34328, stack(0x000000e490a00000,0x000000e490b00000) (1024K)]
  0x000002a45d74dce0 JavaThread "Monitor Deflation Thread"   daemon [_thread_blocked, id=50600, stack(0x000000e490b00000,0x000000e490c00000) (1024K)]
=>0x000002a45d761fd0 JavaThread "C2 CompilerThread0"         daemon [_thread_in_native, id=43488, stack(0x000000e490c00000,0x000000e490d00000) (1024K)]
  0x000002a45d762c30 JavaThread "C1 CompilerThread0"         daemon [_thread_in_native, id=40864, stack(0x000000e490d00000,0x000000e490e00000) (1024K)]
  0x000002a4602f3d00 JavaThread "Common-Cleaner"             daemon [_thread_blocked, id=49484, stack(0x000000e490e00000,0x000000e490f00000) (1024K)]
  0x000002a46094ec90 JavaThread "Notification Thread"        daemon [_thread_blocked, id=43848, stack(0x000000e491100000,0x000000e491200000) (1024K)]
  0x000002a460ef2c70 JavaThread "QuantumRenderer-0"          daemon [_thread_in_Java, id=38152, stack(0x000000e491200000,0x000000e491300000) (1024K)]
  0x000002a465279f40 JavaThread "InvokeLaterDispatcher"      daemon [_thread_blocked, id=17172, stack(0x000000e490f00000,0x000000e491000000) (1024K)]
  0x000002a465280560 JavaThread "JavaFX Application Thread"         [_thread_in_Java, id=10456, stack(0x000000e491000000,0x000000e491100000) (1024K)]
  0x000002a465597600 JavaThread "JavaFX-Launcher"                   [_thread_blocked, id=36024, stack(0x000000e491c00000,0x000000e491d00000) (1024K)]
  0x000002a4655fbce0 JavaThread "Thread-2"                   daemon [_thread_in_native, id=52524, stack(0x000000e491b00000,0x000000e491c00000) (1024K)]
  0x000002a45d767cd0 JavaThread "C2 CompilerThread1"         daemon [_thread_in_native, id=41404, stack(0x000000e491d00000,0x000000e491e00000) (1024K)]
  0x000002a45d7664a0 JavaThread "C2 CompilerThread2"         daemon [_thread_in_native, id=52944, stack(0x000000e491e00000,0x000000e491f00000) (1024K)]
  0x000002a46b9774c0 JavaThread "mysql-cj-abandoned-connection-cleanup" daemon [_thread_blocked, id=7712, stack(0x000000e491f00000,0x000000e492000000) (1024K)]
  0x000002a46b243e50 JavaThread "Prism Font Disposer"        daemon [_thread_blocked, id=49480, stack(0x000000e492800000,0x000000e492900000) (1024K)]
Total: 20

Other Threads:
  0x000002a45d72c750 VMThread "VM Thread"                           [id=51636, stack(0x000000e490500000,0x000000e490600000) (1024K)]
  0x000002a45d71e620 WatcherThread "VM Periodic Task Thread"        [id=5992, stack(0x000000e490400000,0x000000e490500000) (1024K)]
  0x000002a43e18bdb0 WorkerThread "GC Thread#0"                     [id=30608, stack(0x000000e48ff00000,0x000000e490000000) (1024K)]
  0x000002a465a7d180 WorkerThread "GC Thread#1"                     [id=50460, stack(0x000000e492000000,0x000000e492100000) (1024K)]
  0x000002a466155690 WorkerThread "GC Thread#2"                     [id=50148, stack(0x000000e492100000,0x000000e492200000) (1024K)]
  0x000002a466107a10 WorkerThread "GC Thread#3"                     [id=35028, stack(0x000000e492200000,0x000000e492300000) (1024K)]
  0x000002a46b7abac0 WorkerThread "GC Thread#4"                     [id=52440, stack(0x000000e492300000,0x000000e492400000) (1024K)]
  0x000002a46b7ac300 WorkerThread "GC Thread#5"                     [id=28320, stack(0x000000e492400000,0x000000e492500000) (1024K)]
  0x000002a46bae5e10 WorkerThread "GC Thread#6"                     [id=23332, stack(0x000000e492500000,0x000000e492600000) (1024K)]
  0x000002a46bbaf580 WorkerThread "GC Thread#7"                     [id=50432, stack(0x000000e492600000,0x000000e492700000) (1024K)]
  0x000002a46bbaece0 WorkerThread "GC Thread#8"                     [id=52160, stack(0x000000e492700000,0x000000e492800000) (1024K)]
  0x000002a43e1bcac0 ConcurrentGCThread "G1 Main Marker"            [id=52572, stack(0x000000e490000000,0x000000e490100000) (1024K)]
  0x000002a43e1bd660 WorkerThread "G1 Conc#0"                       [id=37592, stack(0x000000e490100000,0x000000e490200000) (1024K)]
  0x000002a45d5ed460 ConcurrentGCThread "G1 Refine#0"               [id=34256, stack(0x000000e490200000,0x000000e490300000) (1024K)]
  0x000002a45d5ef080 ConcurrentGCThread "G1 Service"                [id=25052, stack(0x000000e490300000,0x000000e490400000) (1024K)]
Total: 15

Threads with active compile tasks:
C2 CompilerThread0  3692 3115       4       java.lang.invoke.MethodType::makeImpl (109 bytes)
C1 CompilerThread0  3692 3626       3       javafx.scene.layout.Region::doUpdatePeer (536 bytes)
C2 CompilerThread1  3692 3425       4       java.lang.invoke.MethodType::methodType (69 bytes)
C2 CompilerThread2  3692 3627       4       javafx.scene.Node::transformedBoundsChanged (43 bytes)
Total: 4

VM state: not at safepoint (normal execution)

VM Mutex/Monitor currently owned by a thread: None

Heap address: 0x0000000684400000, size: 6076 MB, Compressed Oops mode: Zero based, Oop shift amount: 3

CDS archive(s) mapped at: [0x0000000092000000-0x0000000092dd0000-0x0000000092dd0000), size 14483456, SharedBaseAddress: 0x0000000092000000, ArchiveRelocationMode: 1.
Compressed class space mapped at: 0x0000000093000000-0x00000000d3000000, reserved size: 1073741824
UseCompressedClassPointers 1, UseCompactObjectHeaders 0
Narrow klass pointer bits 32, Max shift 3
Narrow klass base: 0x0000000092000000, Narrow klass shift: 0
Encoding Range: [0x0000000092000000 - 0x0000000192000000), (4294967296 bytes)
Klass Range:    [0x0000000092010000 - 0x00000000d3000000), (1090453504 bytes)
Klass ID Range:  [65536 - 1090519033) (1090453497)
Protection zone: [0x0000000092000000 - 0x0000000092010000), (65536 bytes)

GC Precious Log:
 CardTable entry size: 512
 Card Set container configuration: InlinePtr #cards 4 size 8 Array Of Cards #cards 32 size 80 Howl #buckets 8 coarsen threshold 7372 Howl Bitmap #cards 1024 size 144 coarsen threshold 921 Card regions per heap region 1 cards per card region 8192
 CPUs: 12 total, 12 available
 Memory: 24298M
 Large Page Support: Disabled
 NUMA Support: Disabled
 Compressed Oops: Enabled (Zero based)
 Heap Region Size: 4M
 Heap Min Capacity: 8M
 Heap Initial Capacity: 380M
 Heap Max Capacity: 6076M
 Pre-touch: Disabled
 Parallel Workers: 10
 Concurrent Workers: 3
 Concurrent Refinement Workers: 10
 Periodic GC: Disabled

Heap:
 garbage-first heap   total reserved 6221824K, committed 393216K, used 85663K [0x0000000684400000, 0x0000000800000000)
  region size 4096K, 23 young (94208K), 2 survivors (8192K)

Heap Regions: E=young(eden), S=young(survivor), O=old, HS=humongous(starts), HC=humongous(continues), CS=collection set, F=free, TAMS=top-at-mark-start, PB=parsable bottom
|   0|0x0000000684400000, 0x0000000684400000, 0x0000000684800000|  0%| F|  |TAMS 0x0000000684400000| PB 0x0000000684400000| Untracked |  0
|   1|0x0000000684800000, 0x0000000684800000, 0x0000000684c00000|  0%| F|  |TAMS 0x0000000684800000| PB 0x0000000684800000| Untracked |  0
|   2|0x0000000684c00000, 0x0000000684c00000, 0x0000000685000000|  0%| F|  |TAMS 0x0000000684c00000| PB 0x0000000684c00000| Untracked |  0
|   3|0x0000000685000000, 0x0000000685000000, 0x0000000685400000|  0%| F|  |TAMS 0x0000000685000000| PB 0x0000000685000000| Untracked |  0
|   4|0x0000000685400000, 0x0000000685400000, 0x0000000685800000|  0%| F|  |TAMS 0x0000000685400000| PB 0x0000000685400000| Untracked |  0
|   5|0x0000000685800000, 0x0000000685800000, 0x0000000685c00000|  0%| F|  |TAMS 0x0000000685800000| PB 0x0000000685800000| Untracked |  0
|   6|0x0000000685c00000, 0x0000000685c00000, 0x0000000686000000|  0%| F|  |TAMS 0x0000000685c00000| PB 0x0000000685c00000| Untracked |  0
|   7|0x0000000686000000, 0x0000000686000000, 0x0000000686400000|  0%| F|  |TAMS 0x0000000686000000| PB 0x0000000686000000| Untracked |  0
|   8|0x0000000686400000, 0x0000000686400000, 0x0000000686800000|  0%| F|  |TAMS 0x0000000686400000| PB 0x0000000686400000| Untracked |  0
|   9|0x0000000686800000, 0x0000000686800000, 0x0000000686c00000|  0%| F|  |TAMS 0x0000000686800000| PB 0x0000000686800000| Untracked |  0
|  10|0x0000000686c00000, 0x0000000686c00000, 0x0000000687000000|  0%| F|  |TAMS 0x0000000686c00000| PB 0x0000000686c00000| Untracked |  0
|  11|0x0000000687000000, 0x0000000687000000, 0x0000000687400000|  0%| F|  |TAMS 0x0000000687000000| PB 0x0000000687000000| Untracked |  0
|  12|0x0000000687400000, 0x0000000687400000, 0x0000000687800000|  0%| F|  |TAMS 0x0000000687400000| PB 0x0000000687400000| Untracked |  0
|  13|0x0000000687800000, 0x0000000687800000, 0x0000000687c00000|  0%| F|  |TAMS 0x0000000687800000| PB 0x0000000687800000| Untracked |  0
|  14|0x0000000687c00000, 0x0000000687c00000, 0x0000000688000000|  0%| F|  |TAMS 0x0000000687c00000| PB 0x0000000687c00000| Untracked |  0
|  15|0x0000000688000000, 0x0000000688000000, 0x0000000688400000|  0%| F|  |TAMS 0x0000000688000000| PB 0x0000000688000000| Untracked |  0
|  16|0x0000000688400000, 0x0000000688400000, 0x0000000688800000|  0%| F|  |TAMS 0x0000000688400000| PB 0x0000000688400000| Untracked |  0
|  17|0x0000000688800000, 0x0000000688800000, 0x0000000688c00000|  0%| F|  |TAMS 0x0000000688800000| PB 0x0000000688800000| Untracked |  0
|  18|0x0000000688c00000, 0x0000000688c00000, 0x0000000689000000|  0%| F|  |TAMS 0x0000000688c00000| PB 0x0000000688c00000| Untracked |  0
|  19|0x0000000689000000, 0x0000000689000000, 0x0000000689400000|  0%| F|  |TAMS 0x0000000689000000| PB 0x0000000689000000| Untracked |  0
|  20|0x0000000689400000, 0x0000000689400000, 0x0000000689800000|  0%| F|  |TAMS 0x0000000689400000| PB 0x0000000689400000| Untracked |  0
|  21|0x0000000689800000, 0x0000000689800000, 0x0000000689c00000|  0%| F|  |TAMS 0x0000000689800000| PB 0x0000000689800000| Untracked |  0
|  22|0x0000000689c00000, 0x0000000689c00000, 0x000000068a000000|  0%| F|  |TAMS 0x0000000689c00000| PB 0x0000000689c00000| Untracked |  0
|  23|0x000000068a000000, 0x000000068a000000, 0x000000068a400000|  0%| F|  |TAMS 0x000000068a000000| PB 0x000000068a000000| Untracked |  0
|  24|0x000000068a400000, 0x000000068a400000, 0x000000068a800000|  0%| F|  |TAMS 0x000000068a400000| PB 0x000000068a400000| Untracked |  0
|  25|0x000000068a800000, 0x000000068a800000, 0x000000068ac00000|  0%| F|  |TAMS 0x000000068a800000| PB 0x000000068a800000| Untracked |  0
|  26|0x000000068ac00000, 0x000000068ac00000, 0x000000068b000000|  0%| F|  |TAMS 0x000000068ac00000| PB 0x000000068ac00000| Untracked |  0
|  27|0x000000068b000000, 0x000000068b000000, 0x000000068b400000|  0%| F|  |TAMS 0x000000068b000000| PB 0x000000068b000000| Untracked |  0
|  28|0x000000068b400000, 0x000000068b400000, 0x000000068b800000|  0%| F|  |TAMS 0x000000068b400000| PB 0x000000068b400000| Untracked |  0
|  29|0x000000068b800000, 0x000000068b800000, 0x000000068bc00000|  0%| F|  |TAMS 0x000000068b800000| PB 0x000000068b800000| Untracked |  0
|  30|0x000000068bc00000, 0x000000068bc00000, 0x000000068c000000|  0%| F|  |TAMS 0x000000068bc00000| PB 0x000000068bc00000| Untracked |  0
|  31|0x000000068c000000, 0x000000068c000000, 0x000000068c400000|  0%| F|  |TAMS 0x000000068c000000| PB 0x000000068c000000| Untracked |  0
|  32|0x000000068c400000, 0x000000068c400000, 0x000000068c800000|  0%| F|  |TAMS 0x000000068c400000| PB 0x000000068c400000| Untracked |  0
|  33|0x000000068c800000, 0x000000068c800000, 0x000000068cc00000|  0%| F|  |TAMS 0x000000068c800000| PB 0x000000068c800000| Untracked |  0
|  34|0x000000068cc00000, 0x000000068cc00000, 0x000000068d000000|  0%| F|  |TAMS 0x000000068cc00000| PB 0x000000068cc00000| Untracked |  0
|  35|0x000000068d000000, 0x000000068d000000, 0x000000068d400000|  0%| F|  |TAMS 0x000000068d000000| PB 0x000000068d000000| Untracked |  0
|  36|0x000000068d400000, 0x000000068d400000, 0x000000068d800000|  0%| F|  |TAMS 0x000000068d400000| PB 0x000000068d400000| Untracked |  0
|  37|0x000000068d800000, 0x000000068d800000, 0x000000068dc00000|  0%| F|  |TAMS 0x000000068d800000| PB 0x000000068d800000| Untracked |  0
|  38|0x000000068dc00000, 0x000000068dc00000, 0x000000068e000000|  0%| F|  |TAMS 0x000000068dc00000| PB 0x000000068dc00000| Untracked |  0
|  39|0x000000068e000000, 0x000000068e000000, 0x000000068e400000|  0%| F|  |TAMS 0x000000068e000000| PB 0x000000068e000000| Untracked |  0
|  40|0x000000068e400000, 0x000000068e400000, 0x000000068e800000|  0%| F|  |TAMS 0x000000068e400000| PB 0x000000068e400000| Untracked |  0
|  41|0x000000068e800000, 0x000000068e800000, 0x000000068ec00000|  0%| F|  |TAMS 0x000000068e800000| PB 0x000000068e800000| Untracked |  0
|  42|0x000000068ec00000, 0x000000068ec00000, 0x000000068f000000|  0%| F|  |TAMS 0x000000068ec00000| PB 0x000000068ec00000| Untracked |  0
|  43|0x000000068f000000, 0x000000068f000000, 0x000000068f400000|  0%| F|  |TAMS 0x000000068f000000| PB 0x000000068f000000| Untracked |  0
|  44|0x000000068f400000, 0x000000068f400000, 0x000000068f800000|  0%| F|  |TAMS 0x000000068f400000| PB 0x000000068f400000| Untracked |  0
|  45|0x000000068f800000, 0x000000068f800000, 0x000000068fc00000|  0%| F|  |TAMS 0x000000068f800000| PB 0x000000068f800000| Untracked |  0
|  46|0x000000068fc00000, 0x000000068fc00000, 0x0000000690000000|  0%| F|  |TAMS 0x000000068fc00000| PB 0x000000068fc00000| Untracked |  0
|  47|0x0000000690000000, 0x0000000690000000, 0x0000000690400000|  0%| F|  |TAMS 0x0000000690000000| PB 0x0000000690000000| Untracked |  0
|  48|0x0000000690400000, 0x0000000690400000, 0x0000000690800000|  0%| F|  |TAMS 0x0000000690400000| PB 0x0000000690400000| Untracked |  0
|  49|0x0000000690800000, 0x0000000690800000, 0x0000000690c00000|  0%| F|  |TAMS 0x0000000690800000| PB 0x0000000690800000| Untracked |  0
|  50|0x0000000690c00000, 0x0000000690c00000, 0x0000000691000000|  0%| F|  |TAMS 0x0000000690c00000| PB 0x0000000690c00000| Untracked |  0
|  51|0x0000000691000000, 0x0000000691000000, 0x0000000691400000|  0%| F|  |TAMS 0x0000000691000000| PB 0x0000000691000000| Untracked |  0
|  52|0x0000000691400000, 0x0000000691400000, 0x0000000691800000|  0%| F|  |TAMS 0x0000000691400000| PB 0x0000000691400000| Untracked |  0
|  53|0x0000000691800000, 0x0000000691800000, 0x0000000691c00000|  0%| F|  |TAMS 0x0000000691800000| PB 0x0000000691800000| Untracked |  0
|  54|0x0000000691c00000, 0x0000000691c00000, 0x0000000692000000|  0%| F|  |TAMS 0x0000000691c00000| PB 0x0000000691c00000| Untracked |  0
|  55|0x0000000692000000, 0x0000000692000000, 0x0000000692400000|  0%| F|  |TAMS 0x0000000692000000| PB 0x0000000692000000| Untracked |  0
|  56|0x0000000692400000, 0x0000000692400000, 0x0000000692800000|  0%| F|  |TAMS 0x0000000692400000| PB 0x0000000692400000| Untracked |  0
|  57|0x0000000692800000, 0x0000000692800000, 0x0000000692c00000|  0%| F|  |TAMS 0x0000000692800000| PB 0x0000000692800000| Untracked |  0
|  58|0x0000000692c00000, 0x0000000692c00000, 0x0000000693000000|  0%| F|  |TAMS 0x0000000692c00000| PB 0x0000000692c00000| Untracked |  0
|  59|0x0000000693000000, 0x0000000693000000, 0x0000000693400000|  0%| F|  |TAMS 0x0000000693000000| PB 0x0000000693000000| Untracked |  0
|  60|0x0000000693400000, 0x0000000693400000, 0x0000000693800000|  0%| F|  |TAMS 0x0000000693400000| PB 0x0000000693400000| Untracked |  0
|  61|0x0000000693800000, 0x0000000693800000, 0x0000000693c00000|  0%| F|  |TAMS 0x0000000693800000| PB 0x0000000693800000| Untracked |  0
|  62|0x0000000693c00000, 0x0000000693c00000, 0x0000000694000000|  0%| F|  |TAMS 0x0000000693c00000| PB 0x0000000693c00000| Untracked |  0
|  63|0x0000000694000000, 0x0000000694000000, 0x0000000694400000|  0%| F|  |TAMS 0x0000000694000000| PB 0x0000000694000000| Untracked |  0
|  64|0x0000000694400000, 0x0000000694400000, 0x0000000694800000|  0%| F|  |TAMS 0x0000000694400000| PB 0x0000000694400000| Untracked |  0
|  65|0x0000000694800000, 0x0000000694800000, 0x0000000694c00000|  0%| F|  |TAMS 0x0000000694800000| PB 0x0000000694800000| Untracked |  0
|  66|0x0000000694c00000, 0x0000000694c00000, 0x0000000695000000|  0%| F|  |TAMS 0x0000000694c00000| PB 0x0000000694c00000| Untracked |  0
|  67|0x0000000695000000, 0x0000000695000000, 0x0000000695400000|  0%| F|  |TAMS 0x0000000695000000| PB 0x0000000695000000| Untracked |  0
|  68|0x0000000695400000, 0x0000000695400000, 0x0000000695800000|  0%| F|  |TAMS 0x0000000695400000| PB 0x0000000695400000| Untracked |  0
|  69|0x0000000695800000, 0x0000000695800000, 0x0000000695c00000|  0%| F|  |TAMS 0x0000000695800000| PB 0x0000000695800000| Untracked |  0
|  70|0x0000000695c00000, 0x0000000695c00000, 0x0000000696000000|  0%| F|  |TAMS 0x0000000695c00000| PB 0x0000000695c00000| Untracked |  0
|  71|0x0000000696000000, 0x0000000696000000, 0x0000000696400000|  0%| F|  |TAMS 0x0000000696000000| PB 0x0000000696000000| Untracked |  0
|  72|0x0000000696400000, 0x0000000696497c00, 0x0000000696800000| 14%| E|  |TAMS 0x0000000696400000| PB 0x0000000696400000| Complete |  0
|  73|0x0000000696800000, 0x0000000696c00000, 0x0000000696c00000|100%| E|CS|TAMS 0x0000000696800000| PB 0x0000000696800000| Complete |  0
|  74|0x0000000696c00000, 0x0000000697000000, 0x0000000697000000|100%| E|CS|TAMS 0x0000000696c00000| PB 0x0000000696c00000| Complete |  0
|  75|0x0000000697000000, 0x0000000697400000, 0x0000000697400000|100%| E|CS|TAMS 0x0000000697000000| PB 0x0000000697000000| Complete |  0
|  76|0x0000000697400000, 0x0000000697800000, 0x0000000697800000|100%| E|CS|TAMS 0x0000000697400000| PB 0x0000000697400000| Complete |  0
|  77|0x0000000697800000, 0x0000000697c00000, 0x0000000697c00000|100%| E|CS|TAMS 0x0000000697800000| PB 0x0000000697800000| Complete |  0
|  78|0x0000000697c00000, 0x0000000698000000, 0x0000000698000000|100%| E|CS|TAMS 0x0000000697c00000| PB 0x0000000697c00000| Complete |  0
|  79|0x0000000698000000, 0x0000000698400000, 0x0000000698400000|100%| E|CS|TAMS 0x0000000698000000| PB 0x0000000698000000| Complete |  0
|  80|0x0000000698400000, 0x0000000698800000, 0x0000000698800000|100%| E|CS|TAMS 0x0000000698400000| PB 0x0000000698400000| Complete |  0
|  81|0x0000000698800000, 0x0000000698a82f40, 0x0000000698c00000| 62%| S|CS|TAMS 0x0000000698800000| PB 0x0000000698800000| Complete |  0
|  82|0x0000000698c00000, 0x0000000699000000, 0x0000000699000000|100%| S|CS|TAMS 0x0000000698c00000| PB 0x0000000698c00000| Complete |  0
|  83|0x0000000699000000, 0x0000000699400000, 0x0000000699400000|100%| E|CS|TAMS 0x0000000699000000| PB 0x0000000699000000| Complete |  0
|  84|0x0000000699400000, 0x0000000699800000, 0x0000000699800000|100%| E|CS|TAMS 0x0000000699400000| PB 0x0000000699400000| Complete |  0
|  85|0x0000000699800000, 0x0000000699c00000, 0x0000000699c00000|100%| E|CS|TAMS 0x0000000699800000| PB 0x0000000699800000| Complete |  0
|  86|0x0000000699c00000, 0x000000069a000000, 0x000000069a000000|100%| E|CS|TAMS 0x0000000699c00000| PB 0x0000000699c00000| Complete |  0
|  87|0x000000069a000000, 0x000000069a400000, 0x000000069a400000|100%| E|CS|TAMS 0x000000069a000000| PB 0x000000069a000000| Complete |  0
|  88|0x000000069a400000, 0x000000069a800000, 0x000000069a800000|100%| E|  |TAMS 0x000000069a400000| PB 0x000000069a400000| Complete |  0
|  89|0x000000069a800000, 0x000000069ac00000, 0x000000069ac00000|100%| E|CS|TAMS 0x000000069a800000| PB 0x000000069a800000| Complete |  0
|  90|0x000000069ac00000, 0x000000069b000000, 0x000000069b000000|100%| E|CS|TAMS 0x000000069ac00000| PB 0x000000069ac00000| Complete |  0
|  91|0x000000069b000000, 0x000000069b400000, 0x000000069b400000|100%| E|CS|TAMS 0x000000069b000000| PB 0x000000069b000000| Complete |  0
|  92|0x000000069b400000, 0x000000069b800000, 0x000000069b800000|100%| E|CS|TAMS 0x000000069b400000| PB 0x000000069b400000| Complete |  0
|  93|0x000000069b800000, 0x000000069bc00000, 0x000000069bc00000|100%| E|CS|TAMS 0x000000069b800000| PB 0x000000069b800000| Complete |  0
|  94|0x000000069bc00000, 0x000000069c000000, 0x000000069c000000|100%| E|CS|TAMS 0x000000069bc00000| PB 0x000000069bc00000| Complete |  0
|1518|0x00000007ffc00000, 0x00000007ffd24ea8, 0x0000000800000000| 28%| O|  |TAMS 0x00000007ffc00000| PB 0x00000007ffc00000| Untracked |  0

Card table byte_map: [0x000002a456ac0000,0x000002a4576a0000] _byte_map_base: 0x000002a45369e000

Marking Bits: (CMBitMap*) 0x000002a43e18c540
 Bits: [0x000002a4576a0000, 0x000002a45d590000)

Polling page: 0x000002a43bef0000

Metaspace:
Metaspace        used 20168K, committed 20416K, reserved 1114112K
 class space     used 2970K, committed 3072K, reserved 1048576K

Usage:
  Non-class:     16.80 MB used.
      Class:      2.90 MB used.
       Both:     19.70 MB used.

Virtual space:
  Non-class space:       64.00 MB reserved,      16.94 MB ( 26%) committed,  1 nodes.
      Class space:        1.00 GB reserved,       3.00 MB ( <1%) committed,  1 nodes.
             Both:        1.06 GB reserved,      19.94 MB (  2%) committed. 

Chunk freelists:
   Non-Class:  14.19 MB
       Class:  13.03 MB
        Both:  27.22 MB

MaxMetaspaceSize: unlimited
CompressedClassSpaceSize: 1.00 GB
Initial GC threshold: 21.00 MB
Current GC threshold: 21.00 MB
CDS: on
 - commit_granule_bytes: 65536.
 - commit_granule_words: 8192.
 - virtual_space_node_default_size: 8388608.
 - enlarge_chunks_in_place: 1.
UseCompressedClassPointers 1, UseCompactObjectHeaders 0
Narrow klass pointer bits 32, Max shift 3
Narrow klass base: 0x0000000092000000, Narrow klass shift: 0
Encoding Range: [0x0000000092000000 - 0x0000000192000000), (4294967296 bytes)
Klass Range:    [0x0000000092010000 - 0x00000000d3000000), (1090453504 bytes)
Klass ID Range:  [65536 - 1090519033) (1090453497)
Protection zone: [0x0000000092000000 - 0x0000000092010000), (65536 bytes)


Internal statistics:

num_allocs_failed_limit: 0.
num_arena_births: 248.
num_arena_deaths: 0.
num_vsnodes_births: 2.
num_vsnodes_deaths: 0.
num_space_committed: 319.
num_space_uncommitted: 0.
num_chunks_returned_to_freelist: 0.
num_chunks_taken_from_freelist: 899.
num_chunk_merges: 0.
num_chunk_splits: 626.
num_chunks_enlarged: 482.
num_inconsistent_stats: 0.

CodeHeap 'non-profiled nmethods': size=120064Kb used=1417Kb max_used=1417Kb free=118646Kb
 bounds [0x000002a44e450000, 0x000002a44e6c0000, 0x000002a455990000]
CodeHeap 'profiled nmethods': size=120000Kb used=5866Kb max_used=5866Kb free=114133Kb
 bounds [0x000002a446990000, 0x000002a446f50000, 0x000002a44dec0000]
CodeHeap 'non-nmethods': size=5696Kb used=1936Kb max_used=1973Kb free=3759Kb
 bounds [0x000002a44dec0000, 0x000002a44e130000, 0x000002a44e450000]
CodeCache: size=245760Kb, used=9219Kb, max_used=9256Kb, free=236538Kb
 total_blobs=4480, nmethods=3629, adapters=752, full_count=0
Compilation: enabled, stopped_count=0, restarted_count=0

Compilation events (20 events):
Event: 3.520 Thread 0x000002a45d762c30 3417       1       com.sun.javafx.text.TextRun::getTextSpan (5 bytes)
Event: 3.520 Thread 0x000002a45d762c30 nmethod 3417 0x000002a44e5a4c08 code [0x000002a44e5a4d00, 0x000002a44e5a4dc8]
Event: 3.520 Thread 0x000002a45d762c30 3414       1       javafx.geometry.Bounds::getMinX (5 bytes)
Event: 3.520 Thread 0x000002a45d762c30 nmethod 3414 0x000002a44e5a4f08 code [0x000002a44e5a5000, 0x000002a44e5a50c8]
Event: 3.520 Thread 0x000002a45d762c30 3415       1       javafx.geometry.Bounds::getMinY (5 bytes)
Event: 3.520 Thread 0x000002a45d762c30 nmethod 3415 0x000002a44e5a5208 code [0x000002a44e5a5300, 0x000002a44e5a53c8]
Event: 3.520 Thread 0x000002a45d762c30 3412       1       javafx.scene.layout.Region::computeMaxWidth (4 bytes)
Event: 3.520 Thread 0x000002a45d762c30 nmethod 3412 0x000002a44e5a5508 code [0x000002a44e5a5620, 0x000002a44e5a56e8]
Event: 3.520 Thread 0x000002a45d762c30 3409       1       com.sun.javafx.text.PrismTextLine::getStart (5 bytes)
Event: 3.520 Thread 0x000002a45d762c30 nmethod 3409 0x000002a44e5a5808 code [0x000002a44e5a5900, 0x000002a44e5a59c8]
Event: 3.520 Thread 0x000002a45d762c30 3410       1       com.sun.javafx.geom.RectBounds::setMinX (6 bytes)
Event: 3.520 Thread 0x000002a45d762c30 nmethod 3410 0x000002a44e5a5b08 code [0x000002a44e5a5c00, 0x000002a44e5a5cc8]
Event: 3.520 Thread 0x000002a45d762c30 3411       1       com.sun.javafx.geom.RectBounds::setMaxX (6 bytes)
Event: 3.520 Thread 0x000002a45d762c30 nmethod 3411 0x000002a44e5a5e08 code [0x000002a44e5a5f00, 0x000002a44e5a5fc8]
Event: 3.520 Thread 0x000002a45d762c30 3413       1       com.sun.javafx.text.TextRun::setWidth (6 bytes)
Event: 3.520 Thread 0x000002a45d762c30 nmethod 3413 0x000002a44e5a6108 code [0x000002a44e5a6200, 0x000002a44e5a62c8]
Event: 3.520 Thread 0x000002a45d762c30 3420       1       com.sun.javafx.text.PrismTextLine::getLeading (5 bytes)
Event: 3.521 Thread 0x000002a45d762c30 nmethod 3420 0x000002a44e5a6408 code [0x000002a44e5a6500, 0x000002a44e5a65c8]
Event: 3.523 Thread 0x000002a45d767cd0 3421       4       java.util.concurrent.ConcurrentHashMap$Traverser::advance (188 bytes)
Event: 3.525 Thread 0x000002a45d767cd0 nmethod 3421 0x000002a44e5a6708 code [0x000002a44e5a6800, 0x000002a44e5a6b70]

GC Heap Usage History (2 events):
Event: 2.431 {heap Before GC invocations=0 (full 0):
 garbage-first heap   total reserved 6221824K, committed 393216K, used 50323K [0x0000000684400000, 0x0000000800000000)
  region size 4096K, 12 young (49152K), 0 survivors (0K)
}
Event: 2.436 {heap After GC invocations=1 (full 0):
 garbage-first heap   total reserved 6221824K, committed 393216K, used 7839K [0x0000000684400000, 0x0000000800000000)
  region size 4096K, 2 young (8192K), 2 survivors (8192K)
}

Metaspace Usage History (2 events):
Event: 2.431 {metaspace Before GC invocations=0 (full 0):
 Metaspace       used 7168K, committed 7296K, reserved 1114112K
  class space    used 787K, committed 832K, reserved 1048576K
}
Event: 2.436 {metaspace After GC invocations=1 (full 0):
 Metaspace       used 7168K, committed 7296K, reserved 1114112K
  class space    used 787K, committed 832K, reserved 1048576K
}

Dll operation events (20 events):
Event: 0.292 Loaded shared library C:\Users\nesri\.openjfx\cache\25.0.2+4\amd64\api-ms-win-crt-multibyte-l1-1-0.dll
Event: 0.294 Loaded shared library C:\Users\nesri\.openjfx\cache\25.0.2+4\amd64\api-ms-win-crt-private-l1-1-0.dll
Event: 0.296 Loaded shared library C:\Users\nesri\.openjfx\cache\25.0.2+4\amd64\api-ms-win-crt-process-l1-1-0.dll
Event: 0.299 Loaded shared library C:\Users\nesri\.openjfx\cache\25.0.2+4\amd64\api-ms-win-crt-runtime-l1-1-0.dll
Event: 0.301 Loaded shared library C:\Users\nesri\.openjfx\cache\25.0.2+4\amd64\api-ms-win-crt-stdio-l1-1-0.dll
Event: 0.303 Loaded shared library C:\Users\nesri\.openjfx\cache\25.0.2+4\amd64\api-ms-win-crt-string-l1-1-0.dll
Event: 0.306 Loaded shared library C:\Users\nesri\.openjfx\cache\25.0.2+4\amd64\api-ms-win-crt-time-l1-1-0.dll
Event: 0.308 Loaded shared library C:\Users\nesri\.openjfx\cache\25.0.2+4\amd64\api-ms-win-crt-utility-l1-1-0.dll
Event: 0.319 Loaded shared library C:\Users\nesri\.openjfx\cache\25.0.2+4\amd64\ucrtbase.dll
Event: 0.323 Loaded shared library C:\Users\nesri\.openjfx\cache\25.0.2+4\amd64\vcruntime140.dll
Event: 0.325 Loaded shared library C:\Users\nesri\.openjfx\cache\25.0.2+4\amd64\vcruntime140_1.dll
Event: 0.331 Loaded shared library C:\Users\nesri\.openjfx\cache\25.0.2+4\amd64\msvcp140.dll
Event: 0.334 Loaded shared library C:\Users\nesri\.openjfx\cache\25.0.2+4\amd64\msvcp140_1.dll
Event: 0.339 Loaded shared library C:\Users\nesri\.openjfx\cache\25.0.2+4\amd64\msvcp140_2.dll
Event: 0.370 Loaded shared library C:\Users\nesri\.openjfx\cache\25.0.2+4\amd64\prism_d3d.dll
Event: 2.006 Loaded shared library C:\Users\nesri\.openjfx\cache\25.0.2+4\amd64\glass.dll
Event: 2.125 Loaded shared library C:\Users\nesri\.jdks\openjdk-25.0.2\bin\jimage.dll
Event: 2.519 Loaded shared library C:\Users\nesri\.jdks\openjdk-25.0.2\bin\extnet.dll
Event: 2.708 Loaded shared library C:\Users\nesri\.openjfx\cache\25.0.2+4\amd64\javafx_font.dll
Event: 2.798 Loaded shared library C:\Users\nesri\.openjfx\cache\25.0.2+4\amd64\javafx_iio.dll

Deoptimization events (20 events):
Event: 3.382 Thread 0x000002a465280560 Uncommon trap: trap_request=0xffffffbe fr.pc=0x000002a44e58d480 relative=0x0000000000000980
Event: 3.382 Thread 0x000002a465280560 Uncommon trap: reason=profile_predicate action=maybe_recompile pc=0x000002a44e58d480 method=com.sun.javafx.css.BitSet.addAll(Ljava/util/Collection;)Z @ 122 c2
Event: 3.382 Thread 0x000002a465280560 DEOPT PACKING pc=0x000002a44e58d480 sp=0x000000e4910fcca0
Event: 3.382 Thread 0x000002a465280560 DEOPT UNPACKING pc=0x000002a44dfef482 sp=0x000000e4910fcc10 mode 2
Event: 3.398 Thread 0x000002a465280560 Uncommon trap: trap_request=0xffffff45 fr.pc=0x000002a44e50a670 relative=0x00000000000001f0
Event: 3.398 Thread 0x000002a465280560 Uncommon trap: reason=unstable_if action=reinterpret pc=0x000002a44e50a670 method=java.io.ByteArrayInputStream.read()I @ 8 c2
Event: 3.398 Thread 0x000002a465280560 DEOPT PACKING pc=0x000002a44e50a670 sp=0x000000e4910fbee0
Event: 3.398 Thread 0x000002a465280560 DEOPT UNPACKING pc=0x000002a44dfef482 sp=0x000000e4910fbe88 mode 2
Event: 3.404 Thread 0x000002a465280560 Uncommon trap: trap_request=0xffffff45 fr.pc=0x000002a44e49f7c4 relative=0x0000000000000144
Event: 3.404 Thread 0x000002a465280560 Uncommon trap: reason=unstable_if action=reinterpret pc=0x000002a44e49f7c4 method=java.lang.String.indexOf(I)I @ 4 c2
Event: 3.404 Thread 0x000002a465280560 DEOPT PACKING pc=0x000002a44e49f7c4 sp=0x000000e4910fd550
Event: 3.404 Thread 0x000002a465280560 DEOPT UNPACKING pc=0x000002a44dfef482 sp=0x000000e4910fd4f0 mode 2
Event: 3.464 Thread 0x000002a465280560 Uncommon trap: trap_request=0xffffff45 fr.pc=0x000002a44e4a85e8 relative=0x0000000000000068
Event: 3.464 Thread 0x000002a465280560 Uncommon trap: reason=unstable_if action=reinterpret pc=0x000002a44e4a85e8 method=java.util.Objects.equals(Ljava/lang/Object;Ljava/lang/Object;)Z @ 6 c2
Event: 3.464 Thread 0x000002a465280560 DEOPT PACKING pc=0x000002a44e4a85e8 sp=0x000000e4910fd7d0
Event: 3.464 Thread 0x000002a465280560 DEOPT UNPACKING pc=0x000002a44dfef482 sp=0x000000e4910fd770 mode 2
Event: 3.471 Thread 0x000002a465280560 Uncommon trap: trap_request=0xffffff45 fr.pc=0x000002a44e48f9d0 relative=0x0000000000000250
Event: 3.471 Thread 0x000002a465280560 Uncommon trap: reason=unstable_if action=reinterpret pc=0x000002a44e48f9d0 method=java.lang.String.startsWith(Ljava/lang/String;I)Z @ 50 c2
Event: 3.471 Thread 0x000002a465280560 DEOPT PACKING pc=0x000002a44e48f9d0 sp=0x000000e4910fd960
Event: 3.471 Thread 0x000002a465280560 DEOPT UNPACKING pc=0x000002a44dfef482 sp=0x000000e4910fd890 mode 2

Classes loaded (20 events):
Event: 3.408 Loading class jdk/internal/icu/util/CodePointTrie$Type
Event: 3.408 Loading class jdk/internal/icu/util/CodePointTrie$Type done
Event: 3.408 Loading class java/nio/ByteBufferAsCharBufferB
Event: 3.408 Loading class java/nio/ByteBufferAsCharBufferB done
Event: 3.408 Loading class jdk/internal/icu/util/CodePointTrie$Small16
Event: 3.408 Loading class jdk/internal/icu/util/CodePointTrie$Small
Event: 3.408 Loading class jdk/internal/icu/util/CodePointTrie$Small done
Event: 3.408 Loading class jdk/internal/icu/util/CodePointTrie$Small16 done
Event: 3.409 Loading class jdk/internal/icu/util/CodePointTrie$Data16
Event: 3.409 Loading class jdk/internal/icu/util/CodePointTrie$Data
Event: 3.409 Loading class jdk/internal/icu/util/CodePointTrie$Data done
Event: 3.409 Loading class jdk/internal/icu/util/CodePointTrie$Data16 done
Event: 3.461 Loading class java/lang/CharacterData01
Event: 3.462 Loading class java/lang/CharacterData01 done
Event: 3.509 Loading class java/lang/FdLibm$Hypot
Event: 3.509 Loading class java/lang/FdLibm$Hypot done
Event: 3.509 Loading class java/lang/FdLibm
Event: 3.509 Loading class java/lang/FdLibm done
Event: 3.517 Loading class java/util/TreeSet
Event: 3.517 Loading class java/util/TreeSet done

Classes unloaded (0 events):
No events

Classes redefined (0 events):
No events

Internal exceptions (20 events):
Event: 3.231 Thread 0x000002a465280560 Implicit null exception at 0x000002a44e50d4cd to 0x000002a44e50d700
Event: 3.232 Thread 0x000002a465280560 Implicit null exception at 0x000002a44e46e99d to 0x000002a44e46ea15
Event: 3.271 Thread 0x000002a465280560 Exception <a 'java/lang/ClassNotFoundException'{0x00000006979cbbb8}: com/sun/javafx/scene/control/skin/resources/controls> (0x00000006979cbbb8) 
thrown [s\open\src\hotspot\share\prims\jni.cpp, line 534]
Event: 3.272 Thread 0x000002a465280560 Exception <a 'java/lang/ClassNotFoundException'{0x00000006979d94a8}: com/sun/javafx/scene/control/skin/resources/controls_fr> (0x00000006979d94a8) 
thrown [s\open\src\hotspot\share\prims\jni.cpp, line 534]
Event: 3.273 Thread 0x000002a465280560 Exception <a 'java/lang/ClassNotFoundException'{0x00000006979e62b0}: com/sun/javafx/scene/control/skin/resources/controls_fr_FR> (0x00000006979e62b0) 
thrown [s\open\src\hotspot\share\prims\jni.cpp, line 534]
Event: 3.298 Thread 0x000002a465280560 Exception <a 'java/lang/NoSuchMethodError'{0x0000000697518bc8}: 'void java.lang.invoke.DirectMethodHandle$Holder.invokeSpecial(java.lang.Object, java.lang.Object, java.lang.Object, java.lang.Object, java.lang.Object, java.lang.Object)'> (0x0000000697518bc8) 
thrown [s\open\src\hotspot\share\interpreter\linkResolver.cpp, line 804]
Event: 3.440 Thread 0x000002a465280560 Exception <a 'java/io/FileNotFoundException'{0x0000000696e3dff8}> (0x0000000696e3dff8) 
thrown [s\open\src\hotspot\share\prims\jni.cpp, line 516]
Event: 3.451 Thread 0x000002a465280560 Exception <a 'java/io/FileNotFoundException'{0x0000000696eecad0}> (0x0000000696eecad0) 
thrown [s\open\src\hotspot\share\prims\jni.cpp, line 516]
Event: 3.452 Thread 0x000002a465280560 Exception <a 'java/io/FileNotFoundException'{0x0000000696eede40}> (0x0000000696eede40) 
thrown [s\open\src\hotspot\share\prims\jni.cpp, line 516]
Event: 3.453 Thread 0x000002a465280560 Exception <a 'java/io/FileNotFoundException'{0x0000000696ef3d28}> (0x0000000696ef3d28) 
thrown [s\open\src\hotspot\share\prims\jni.cpp, line 516]
Event: 3.453 Thread 0x000002a465280560 Exception <a 'java/io/FileNotFoundException'{0x0000000696ef5090}> (0x0000000696ef5090) 
thrown [s\open\src\hotspot\share\prims\jni.cpp, line 516]
Event: 3.465 Thread 0x000002a465280560 Exception <a 'java/io/FileNotFoundException'{0x0000000696819620}> (0x0000000696819620) 
thrown [s\open\src\hotspot\share\prims\jni.cpp, line 516]
Event: 3.465 Thread 0x000002a465280560 Exception <a 'java/io/FileNotFoundException'{0x000000069681a6e0}> (0x000000069681a6e0) 
thrown [s\open\src\hotspot\share\prims\jni.cpp, line 516]
Event: 3.465 Thread 0x000002a465280560 Exception <a 'java/io/FileNotFoundException'{0x000000069681b7b8}> (0x000000069681b7b8) 
thrown [s\open\src\hotspot\share\prims\jni.cpp, line 516]
Event: 3.465 Thread 0x000002a465280560 Exception <a 'java/io/FileNotFoundException'{0x000000069681c870}> (0x000000069681c870) 
thrown [s\open\src\hotspot\share\prims\jni.cpp, line 516]
Event: 3.468 Thread 0x000002a465280560 Exception <a 'java/io/FileNotFoundException'{0x0000000696830ad8}> (0x0000000696830ad8) 
thrown [s\open\src\hotspot\share\prims\jni.cpp, line 516]
Event: 3.468 Thread 0x000002a465280560 Exception <a 'java/io/FileNotFoundException'{0x0000000696831b98}> (0x0000000696831b98) 
thrown [s\open\src\hotspot\share\prims\jni.cpp, line 516]
Event: 3.468 Thread 0x000002a465280560 Exception <a 'java/io/FileNotFoundException'{0x0000000696832c70}> (0x0000000696832c70) 
thrown [s\open\src\hotspot\share\prims\jni.cpp, line 516]
Event: 3.469 Thread 0x000002a465280560 Exception <a 'java/io/FileNotFoundException'{0x0000000696833d28}> (0x0000000696833d28) 
thrown [s\open\src\hotspot\share\prims\jni.cpp, line 516]
Event: 3.524 Thread 0x000002a465280560 Exception <a 'java/lang/NoSuchMethodError'{0x00000006968e3900}: 'java.lang.Object java.lang.invoke.DirectMethodHandle$Holder.newInvokeSpecial(java.lang.Object, java.lang.Object, int)'> (0x00000006968e3900) 
thrown [s\open\src\hotspot\share\interpreter\linkResolver.cpp, line 804]

VM Operations (20 events):
Event: 2.399 Executing non-safepoint VM operation: HandshakeAllThreads (Deoptimize)
Event: 2.399 Executing non-safepoint VM operation: HandshakeAllThreads (Deoptimize) done
Event: 2.431 Executing safepoint VM operation: G1CollectForAllocation (G1 Evacuation Pause)
Event: 2.436 Executing safepoint VM operation: G1CollectForAllocation (G1 Evacuation Pause) done
Event: 2.571 Executing non-safepoint VM operation: HandshakeAllThreads (Deoptimize)
Event: 2.572 Executing non-safepoint VM operation: HandshakeAllThreads (Deoptimize) done
Event: 2.925 Executing non-safepoint VM operation: HandshakeAllThreads (Deoptimize)
Event: 2.925 Executing non-safepoint VM operation: HandshakeAllThreads (Deoptimize) done
Event: 3.014 Executing non-safepoint VM operation: HandshakeAllThreads (Deoptimize)
Event: 3.014 Executing non-safepoint VM operation: HandshakeAllThreads (Deoptimize) done
Event: 3.061 Executing non-safepoint VM operation: HandshakeAllThreads (Deoptimize)
Event: 3.061 Executing non-safepoint VM operation: HandshakeAllThreads (Deoptimize) done
Event: 3.064 Executing non-safepoint VM operation: HandshakeAllThreads (Deoptimize)
Event: 3.064 Executing non-safepoint VM operation: HandshakeAllThreads (Deoptimize) done
Event: 3.262 Executing non-safepoint VM operation: HandshakeAllThreads (Deoptimize)
Event: 3.262 Executing non-safepoint VM operation: HandshakeAllThreads (Deoptimize) done
Event: 3.295 Executing non-safepoint VM operation: HandshakeAllThreads (Deoptimize)
Event: 3.295 Executing non-safepoint VM operation: HandshakeAllThreads (Deoptimize) done
Event: 3.296 Executing non-safepoint VM operation: HandshakeAllThreads (Deoptimize)
Event: 3.297 Executing non-safepoint VM operation: HandshakeAllThreads (Deoptimize) done

Memory protections (0 events):
No events

Nmethod flushes (0 events):
No events

Events (20 events):
Event: 0.035 Thread 0x000002a43bca6d80 Thread added: 0x000002a45d7498d0
Event: 0.035 Thread 0x000002a43bca6d80 Thread added: 0x000002a45d74af10
Event: 0.035 Thread 0x000002a43bca6d80 Thread added: 0x000002a45d74dce0
Event: 0.035 Thread 0x000002a43bca6d80 Thread added: 0x000002a45d761fd0
Event: 0.035 Thread 0x000002a43bca6d80 Thread added: 0x000002a45d762c30
Event: 0.074 Thread 0x000002a43bca6d80 Thread added: 0x000002a4602f3d00
Event: 0.093 Thread 0x000002a45d762c30 Thread added: 0x000002a45d764460
Event: 0.110 Thread 0x000002a45d761fd0 Thread added: 0x000002a45d765480
Event: 0.135 Thread 0x000002a43bca6d80 Thread added: 0x000002a46094ec90
Event: 0.362 Thread 0x000002a43bca6d80 Thread added: 0x000002a460ef2c70
Event: 1.989 Thread 0x000002a45d765480 Thread exited: 0x000002a45d765480
Event: 1.989 Thread 0x000002a45d764460 Thread exited: 0x000002a45d764460
Event: 2.008 Thread 0x000002a43bca6d80 Thread added: 0x000002a465279f40
Event: 2.011 Thread 0x000002a43bca6d80 Thread added: 0x000002a465280560
Event: 2.107 Thread 0x000002a43bca6d80 Thread added: 0x000002a465597600
Event: 2.117 Thread 0x000002a4655fbce0 Thread added: 0x000002a4655fbce0
Event: 2.150 Thread 0x000002a45d762c30 Thread added: 0x000002a45d767cd0
Event: 2.155 Thread 0x000002a45d762c30 Thread added: 0x000002a45d7664a0
Event: 2.396 Thread 0x000002a465280560 Thread added: 0x000002a46b9774c0
Event: 2.867 Thread 0x000002a465280560 Thread added: 0x000002a46b243e50


Dynamic libraries:
0x00007ff700b90000 - 0x00007ff700b9e000 	C:\Users\nesri\.jdks\openjdk-25.0.2\bin\java.exe
0x00007ffde4840000 - 0x00007ffde4aa8000 	C:\WINDOWS\SYSTEM32\ntdll.dll
0x00007ffde2b70000 - 0x00007ffde2c39000 	C:\WINDOWS\System32\KERNEL32.DLL
0x00007ffde1bb0000 - 0x00007ffde1fa1000 	C:\WINDOWS\System32\KERNELBASE.dll
0x00007ffde2260000 - 0x00007ffde23ab000 	C:\WINDOWS\System32\ucrtbase.dll
0x00007ffd9e400000 - 0x00007ffd9e41e000 	C:\Users\nesri\.jdks\openjdk-25.0.2\bin\VCRUNTIME140.dll
0x00007ffda3fb0000 - 0x00007ffda3fc7000 	C:\Users\nesri\.jdks\openjdk-25.0.2\bin\jli.dll
0x00007ffde4620000 - 0x00007ffde47e6000 	C:\WINDOWS\System32\USER32.dll
0x00007ffde25b0000 - 0x00007ffde25d7000 	C:\WINDOWS\System32\win32u.dll
0x00007ffdbfa20000 - 0x00007ffdbfcb3000 	C:\WINDOWS\WinSxS\amd64_microsoft.windows.common-controls_6595b64144ccf1df_6.0.26100.7824_none_3e0870b2e3345462\COMCTL32.dll
0x00007ffde3290000 - 0x00007ffde32bb000 	C:\WINDOWS\System32\GDI32.dll
0x00007ffde30e0000 - 0x00007ffde3189000 	C:\WINDOWS\System32\msvcrt.dll
0x00007ffde2130000 - 0x00007ffde225b000 	C:\WINDOWS\System32\gdi32full.dll
0x00007ffde1a40000 - 0x00007ffde1ae3000 	C:\WINDOWS\System32\msvcp_win.dll
0x00007ffde36f0000 - 0x00007ffde3721000 	C:\WINDOWS\System32\IMM32.DLL
0x00007ffd9e3f0000 - 0x00007ffd9e3fc000 	C:\Users\nesri\.jdks\openjdk-25.0.2\bin\vcruntime140_1.dll
0x00007ffd98620000 - 0x00007ffd986ad000 	C:\Users\nesri\.jdks\openjdk-25.0.2\bin\msvcp140.dll
0x00007ffd199a0000 - 0x00007ffd1a7ff000 	C:\Users\nesri\.jdks\openjdk-25.0.2\bin\server\jvm.dll
0x00007ffde38c0000 - 0x00007ffde3974000 	C:\WINDOWS\System32\ADVAPI32.dll
0x00007ffde42e0000 - 0x00007ffde4386000 	C:\WINDOWS\System32\sechost.dll
0x00007ffde3730000 - 0x00007ffde3848000 	C:\WINDOWS\System32\RPCRT4.dll
0x00007ffde4450000 - 0x00007ffde44c4000 	C:\WINDOWS\System32\WS2_32.dll
0x00007ffddfd30000 - 0x00007ffddfd8e000 	C:\WINDOWS\SYSTEM32\POWRPROF.dll
0x00007ffdd0e20000 - 0x00007ffdd0e2b000 	C:\WINDOWS\SYSTEM32\VERSION.dll
0x00007ffdd5990000 - 0x00007ffdd59c5000 	C:\WINDOWS\SYSTEM32\WINMM.dll
0x00007ffddfd10000 - 0x00007ffddfd24000 	C:\WINDOWS\SYSTEM32\UMPDC.dll
0x00007ffddffe0000 - 0x00007ffddfffb000 	C:\WINDOWS\SYSTEM32\kernel.appcore.dll
0x00007ffd9e0d0000 - 0x00007ffd9e0da000 	C:\Users\nesri\.jdks\openjdk-25.0.2\bin\jimage.dll
0x00007ffddefc0000 - 0x00007ffddf202000 	C:\WINDOWS\SYSTEM32\DBGHELP.DLL
0x00007ffde2780000 - 0x00007ffde2b06000 	C:\WINDOWS\System32\combase.dll
0x00007ffde3510000 - 0x00007ffde35e7000 	C:\WINDOWS\System32\OLEAUT32.dll
0x00007ffdcfac0000 - 0x00007ffdcfafb000 	C:\WINDOWS\SYSTEM32\dbgcore.DLL
0x00007ffde1120000 - 0x00007ffde11c5000 	C:\WINDOWS\System32\bcryptPrimitives.dll
0x00007ffd9d410000 - 0x00007ffd9d42f000 	C:\Users\nesri\.jdks\openjdk-25.0.2\bin\java.dll
0x00007ffde25e0000 - 0x00007ffde2777000 	C:\WINDOWS\System32\ole32.dll
0x00007ffde39a0000 - 0x00007ffde40f2000 	C:\WINDOWS\System32\SHELL32.dll
0x00007ffde23b0000 - 0x00007ffde251a000 	C:\WINDOWS\System32\wintypes.dll
0x00007ffde11d0000 - 0x00007ffde1a33000 	C:\WINDOWS\System32\windows.storage.dll
0x00007ffde35f0000 - 0x00007ffde36e6000 	C:\WINDOWS\System32\SHCORE.dll
0x00007ffde3850000 - 0x00007ffde38b7000 	C:\WINDOWS\System32\shlwapi.dll
0x00007ffde1040000 - 0x00007ffde1069000 	C:\WINDOWS\SYSTEM32\profapi.dll
0x00007ffdd7d40000 - 0x00007ffdd7d52000 	C:\Users\nesri\.jdks\openjdk-25.0.2\bin\net.dll
0x00007ffde0550000 - 0x00007ffde05bb000 	C:\WINDOWS\system32\mswsock.dll
0x00007ffdcf360000 - 0x00007ffdcf376000 	C:\Users\nesri\.jdks\openjdk-25.0.2\bin\nio.dll
0x00007ffdce570000 - 0x00007ffdce587000 	C:\Users\nesri\.jdks\openjdk-25.0.2\bin\zip.dll
0x000002a43bf30000 - 0x000002a43bf34000 	C:\Users\nesri\.openjfx\cache\25.0.2+4\amd64\api-ms-win-core-console-l1-1-0.dll
0x000002a43bf40000 - 0x000002a43bf44000 	C:\Users\nesri\.openjfx\cache\25.0.2+4\amd64\api-ms-win-core-console-l1-2-0.dll
0x000002a43bf50000 - 0x000002a43bf54000 	C:\Users\nesri\.openjfx\cache\25.0.2+4\amd64\api-ms-win-core-datetime-l1-1-0.dll
0x000002a43c300000 - 0x000002a43c304000 	C:\Users\nesri\.openjfx\cache\25.0.2+4\amd64\api-ms-win-core-debug-l1-1-0.dll
0x000002a43c310000 - 0x000002a43c314000 	C:\Users\nesri\.openjfx\cache\25.0.2+4\amd64\api-ms-win-core-errorhandling-l1-1-0.dll
0x000002a43c320000 - 0x000002a43c325000 	C:\Users\nesri\.openjfx\cache\25.0.2+4\amd64\api-ms-win-core-file-l1-1-0.dll
0x000002a43c330000 - 0x000002a43c334000 	C:\Users\nesri\.openjfx\cache\25.0.2+4\amd64\api-ms-win-core-file-l1-2-0.dll
0x000002a43c340000 - 0x000002a43c344000 	C:\Users\nesri\.openjfx\cache\25.0.2+4\amd64\api-ms-win-core-file-l2-1-0.dll
0x000002a43c350000 - 0x000002a43c354000 	C:\Users\nesri\.openjfx\cache\25.0.2+4\amd64\api-ms-win-core-handle-l1-1-0.dll
0x000002a43e060000 - 0x000002a43e064000 	C:\Users\nesri\.openjfx\cache\25.0.2+4\amd64\api-ms-win-core-heap-l1-1-0.dll
0x000002a43e070000 - 0x000002a43e074000 	C:\Users\nesri\.openjfx\cache\25.0.2+4\amd64\api-ms-win-core-interlocked-l1-1-0.dll
0x000002a43e080000 - 0x000002a43e084000 	C:\Users\nesri\.openjfx\cache\25.0.2+4\amd64\api-ms-win-core-libraryloader-l1-1-0.dll
0x000002a43e090000 - 0x000002a43e094000 	C:\Users\nesri\.openjfx\cache\25.0.2+4\amd64\api-ms-win-core-localization-l1-2-0.dll
0x000002a43e0a0000 - 0x000002a43e0a4000 	C:\Users\nesri\.openjfx\cache\25.0.2+4\amd64\api-ms-win-core-memory-l1-1-0.dll
0x000002a43e0b0000 - 0x000002a43e0b4000 	C:\Users\nesri\.openjfx\cache\25.0.2+4\amd64\api-ms-win-core-namedpipe-l1-1-0.dll
0x000002a460fc0000 - 0x000002a460fc4000 	C:\Users\nesri\.openjfx\cache\25.0.2+4\amd64\api-ms-win-core-processenvironment-l1-1-0.dll
0x000002a460fd0000 - 0x000002a460fd4000 	C:\Users\nesri\.openjfx\cache\25.0.2+4\amd64\api-ms-win-core-processthreads-l1-1-0.dll
0x000002a460fe0000 - 0x000002a460fe4000 	C:\Users\nesri\.openjfx\cache\25.0.2+4\amd64\api-ms-win-core-processthreads-l1-1-1.dll
0x000002a460ff0000 - 0x000002a460ff4000 	C:\Users\nesri\.openjfx\cache\25.0.2+4\amd64\api-ms-win-core-profile-l1-1-0.dll
0x000002a465000000 - 0x000002a465004000 	C:\Users\nesri\.openjfx\cache\25.0.2+4\amd64\api-ms-win-core-rtlsupport-l1-1-0.dll
0x000002a465010000 - 0x000002a465014000 	C:\Users\nesri\.openjfx\cache\25.0.2+4\amd64\api-ms-win-core-string-l1-1-0.dll
0x000002a465020000 - 0x000002a465024000 	C:\Users\nesri\.openjfx\cache\25.0.2+4\amd64\api-ms-win-core-synch-l1-1-0.dll
0x000002a465030000 - 0x000002a465034000 	C:\Users\nesri\.openjfx\cache\25.0.2+4\amd64\api-ms-win-core-synch-l1-2-0.dll
0x000002a465040000 - 0x000002a465044000 	C:\Users\nesri\.openjfx\cache\25.0.2+4\amd64\api-ms-win-core-sysinfo-l1-1-0.dll
0x000002a465050000 - 0x000002a465054000 	C:\Users\nesri\.openjfx\cache\25.0.2+4\amd64\api-ms-win-core-timezone-l1-1-0.dll
0x000002a465060000 - 0x000002a465064000 	C:\Users\nesri\.openjfx\cache\25.0.2+4\amd64\api-ms-win-core-util-l1-1-0.dll
0x000002a465070000 - 0x000002a465074000 	C:\Users\nesri\.openjfx\cache\25.0.2+4\amd64\api-ms-win-crt-conio-l1-1-0.dll
0x000002a465080000 - 0x000002a465085000 	C:\Users\nesri\.openjfx\cache\25.0.2+4\amd64\api-ms-win-crt-convert-l1-1-0.dll
0x000002a465090000 - 0x000002a465094000 	C:\Users\nesri\.openjfx\cache\25.0.2+4\amd64\api-ms-win-crt-environment-l1-1-0.dll
0x000002a4650a0000 - 0x000002a4650a4000 	C:\Users\nesri\.openjfx\cache\25.0.2+4\amd64\api-ms-win-crt-filesystem-l1-1-0.dll
0x000002a4650b0000 - 0x000002a4650b4000 	C:\Users\nesri\.openjfx\cache\25.0.2+4\amd64\api-ms-win-crt-heap-l1-1-0.dll
0x000002a4650c0000 - 0x000002a4650c4000 	C:\Users\nesri\.openjfx\cache\25.0.2+4\amd64\api-ms-win-crt-locale-l1-1-0.dll
0x000002a4650d0000 - 0x000002a4650d6000 	C:\Users\nesri\.openjfx\cache\25.0.2+4\amd64\api-ms-win-crt-math-l1-1-0.dll
0x000002a4650e0000 - 0x000002a4650e6000 	C:\Users\nesri\.openjfx\cache\25.0.2+4\amd64\api-ms-win-crt-multibyte-l1-1-0.dll
0x000002a4650f0000 - 0x000002a465101000 	C:\Users\nesri\.openjfx\cache\25.0.2+4\amd64\api-ms-win-crt-private-l1-1-0.dll
0x000002a465110000 - 0x000002a465114000 	C:\Users\nesri\.openjfx\cache\25.0.2+4\amd64\api-ms-win-crt-process-l1-1-0.dll
0x000002a465120000 - 0x000002a465125000 	C:\Users\nesri\.openjfx\cache\25.0.2+4\amd64\api-ms-win-crt-runtime-l1-1-0.dll
0x000002a465130000 - 0x000002a465135000 	C:\Users\nesri\.openjfx\cache\25.0.2+4\amd64\api-ms-win-crt-stdio-l1-1-0.dll
0x000002a465140000 - 0x000002a465145000 	C:\Users\nesri\.openjfx\cache\25.0.2+4\amd64\api-ms-win-crt-string-l1-1-0.dll
0x000002a465150000 - 0x000002a465154000 	C:\Users\nesri\.openjfx\cache\25.0.2+4\amd64\api-ms-win-crt-time-l1-1-0.dll
0x000002a465160000 - 0x000002a465164000 	C:\Users\nesri\.openjfx\cache\25.0.2+4\amd64\api-ms-win-crt-utility-l1-1-0.dll
0x00007ffd19740000 - 0x00007ffd19851000 	C:\Users\nesri\.openjfx\cache\25.0.2+4\amd64\ucrtbase.dll
0x00007ffd9d3f0000 - 0x00007ffd9d40e000 	C:\Users\nesri\.openjfx\cache\25.0.2+4\amd64\vcruntime140.dll
0x00007ffda3fd0000 - 0x00007ffda3fdc000 	C:\Users\nesri\.openjfx\cache\25.0.2+4\amd64\vcruntime140_1.dll
0x00007ffd165a0000 - 0x00007ffd1662d000 	C:\Users\nesri\.openjfx\cache\25.0.2+4\amd64\msvcp140.dll
0x00007ffd9b5d0000 - 0x00007ffd9b5d9000 	C:\Users\nesri\.openjfx\cache\25.0.2+4\amd64\msvcp140_1.dll
0x00007ffd98b40000 - 0x00007ffd98b81000 	C:\Users\nesri\.openjfx\cache\25.0.2+4\amd64\msvcp140_2.dll
0x00007ffd985f0000 - 0x00007ffd98620000 	C:\Users\nesri\.openjfx\cache\25.0.2+4\amd64\prism_d3d.dll
0x00007ffd31610000 - 0x00007ffd317c3000 	C:\WINDOWS\system32\d3d9.dll
0x00007ffdde950000 - 0x00007ffdde981000 	C:\WINDOWS\SYSTEM32\dwmapi.dll
0x00007ffddea00000 - 0x00007ffddea44000 	C:\WINDOWS\SYSTEM32\dxcore.dll
0x00007ffdde350000 - 0x00007ffdde3fb000 	C:\WINDOWS\system32\uxtheme.dll
0x00007ffd15a30000 - 0x00007ffd15c8f000 	C:\WINDOWS\System32\DriverStore\FileRepository\iigd_dch.inf_amd64_f63934308f6cc308\igdumdim64.dll
0x00007ffd144e0000 - 0x00007ffd15a29000 	C:\WINDOWS\System32\DriverStore\FileRepository\iigd_dch.inf_amd64_f63934308f6cc308\igd9dxva64.dll
0x00007ffde2c50000 - 0x00007ffde30d9000 	C:\WINDOWS\System32\SETUPAPI.dll
0x00007ffde0dd0000 - 0x00007ffde0e27000 	C:\WINDOWS\SYSTEM32\cfgmgr32.dll
0x00007ffd6a630000 - 0x00007ffd6c35b000 	C:\WINDOWS\System32\DriverStore\FileRepository\iigd_dch.inf_amd64_f63934308f6cc308\media_bin_64.dll
0x00007ffdd5470000 - 0x00007ffdd58ae000 	C:\WINDOWS\System32\DriverStore\FileRepository\iigd_dch.inf_amd64_f63934308f6cc308\igdgmm64.dll
0x00007ffdd9b60000 - 0x00007ffdd9bc3000 	C:\WINDOWS\SYSTEM32\directxdatabasehelper.dll
0x00007ffd2c810000 - 0x00007ffd2c859000 	C:\Users\nesri\.openjfx\cache\25.0.2+4\amd64\glass.dll
0x00007ffde3190000 - 0x00007ffde327f000 	C:\WINDOWS\System32\COMDLG32.dll
0x00007ffde44d0000 - 0x00007ffde4580000 	C:\WINDOWS\System32\clbcatq.dll
0x00007ffdb3340000 - 0x00007ffdb3496000 	C:\Windows\System32\Windows.UI.dll
0x00007ffda7000000 - 0x00007ffda70bc000 	C:\Windows\System32\Windows.Networking.Connectivity.dll
0x00007ffdcf560000 - 0x00007ffdcf7a4000 	C:\Windows\System32\twinapi.appcore.dll
0x00007ffde3320000 - 0x00007ffde347f000 	C:\WINDOWS\System32\MSCTF.dll
0x00007ffd9d4c0000 - 0x00007ffd9d4e7000 	C:\WINDOWS\System32\DriverStore\FileRepository\iigd_dch.inf_amd64_f63934308f6cc308\igdinfo64.dll
0x00007ffdd13f0000 - 0x00007ffdd5432000 	C:\WINDOWS\System32\DriverStore\FileRepository\iigd_dch.inf_amd64_f63934308f6cc308\igc64.dll
0x00007ffdb1280000 - 0x00007ffdb13cf000 	C:\Windows\System32\Windows.UI.Immersive.dll
0x00007ffdd77c0000 - 0x00007ffdd77d9000 	C:\WINDOWS\System32\npmproxy.dll
0x00007ffdd8650000 - 0x00007ffdd86e1000 	C:\WINDOWS\SYSTEM32\wlanapi.dll
0x00007ffdd95f0000 - 0x00007ffdd9612000 	C:\WINDOWS\SYSTEM32\MobileNetworking.dll
0x00007ffddf9e0000 - 0x00007ffddfa14000 	C:\Windows\System32\IPHLPAPI.DLL
0x00007ffde47f0000 - 0x00007ffde47fa000 	C:\WINDOWS\System32\NSI.dll
0x00007ffd53040000 - 0x00007ffd53053000 	C:\Windows\System32\dusmapi.dll
0x00007ffddfac0000 - 0x00007ffddfbec000 	C:\WINDOWS\SYSTEM32\DNSAPI.dll
0x00007ffdd8720000 - 0x00007ffdd872b000 	C:\Windows\System32\rasadhlp.dll
0x00007ffdd9a10000 - 0x00007ffdd9a96000 	C:\WINDOWS\System32\fwpuclnt.dll
0x00007ffd9b140000 - 0x00007ffd9b149000 	C:\Users\nesri\.jdks\openjdk-25.0.2\bin\extnet.dll
0x00007ffdd1340000 - 0x00007ffdd1355000 	C:\Users\nesri\.openjfx\cache\25.0.2+4\amd64\javafx_font.dll
0x00007ffdd1310000 - 0x00007ffdd133e000 	C:\Users\nesri\.openjfx\cache\25.0.2+4\amd64\javafx_iio.dll
0x00007ffddcda0000 - 0x00007ffddd007000 	C:\WINDOWS\SYSTEM32\dwrite.dll
0x00007ffddcb60000 - 0x00007ffddcd8f000 	C:\WINDOWS\SYSTEM32\WindowsCodecs.dll

JVMTI agents: none

dbghelp: loaded successfully - version: 4.0.5 - missing functions: none
symbol engine: initialized successfully - sym options: 0x614 - pdb path: .;C:\Users\nesri\.jdks\openjdk-25.0.2\bin;C:\WINDOWS\SYSTEM32;C:\WINDOWS\WinSxS\amd64_microsoft.windows.common-controls_6595b64144ccf1df_6.0.26100.7824_none_3e0870b2e3345462;C:\Users\nesri\.jdks\openjdk-25.0.2\bin\server;C:\Users\nesri\.openjfx\cache\25.0.2+4\amd64;C:\WINDOWS\System32\DriverStore\FileRepository\iigd_dch.inf_amd64_f63934308f6cc308;C:\Program Files\Common Files\Microsoft Shared\Ink

VM Arguments:
jvm_args: --add-modules=javafx.controls,javafx.fxml --module-path=C:\Users\nesri\.m2\repository\org\openjfx\javafx-base\25.0.2\javafx-base-25.0.2-win.jar;C:\Users\nesri\.m2\repository\org\openjfx\javafx-base\25.0.2\javafx-base-25.0.2.jar;C:\Users\nesri\.m2\repository\org\openjfx\javafx-controls\25.0.2\javafx-controls-25.0.2-win.jar;C:\Users\nesri\.m2\repository\org\openjfx\javafx-controls\25.0.2\javafx-controls-25.0.2.jar;C:\Users\nesri\.m2\repository\org\openjfx\javafx-fxml\25.0.2\javafx-fxml-25.0.2-win.jar;C:\Users\nesri\.m2\repository\org\openjfx\javafx-graphics\25.0.2\javafx-graphics-25.0.2-win.jar;C:\Users\nesri\.m2\repository\org\openjfx\javafx-graphics\25.0.2\javafx-graphics-25.0.2.jar;C:\Users\nesri\.m2\repository\org\openjfx\javafx-media\25.0.2\javafx-media-25.0.2-win.jar;C:\Users\nesri\.m2\repository\org\openjfx\javafx-swing\21\javafx-swing-21-win.jar;C:\Users\nesri\.m2\repository\org\openjfx\javafx-swing\21\javafx-swing-21.jar --add-modules=javafx.base,javafx.controls,javafx.fxml,javafx.graphics,javafx.media,javafx.swing 
java_command: test.MainFX
java_class_path (initial): C:\Users\nesri\Music\PIDEV-EVENTS\PIDEV-EVENT\PIDEV-EVENTS\target\classes;C:\Users\nesri\.m2\repository\ai\djl\api\0.26.0\api-0.26.0.jar;C:\Users\nesri\.m2\repository\ai\djl\basicdataset\0.26.0\basicdataset-0.26.0.jar;C:\Users\nesri\.m2\repository\ai\djl\model-zoo\0.26.0\model-zoo-0.26.0.jar;C:\Users\nesri\.m2\repository\ai\djl\pytorch\pytorch-engine\0.26.0\pytorch-engine-0.26.0.jar;C:\Users\nesri\.m2\repository\ai\djl\pytorch\pytorch-model-zoo\0.26.0\pytorch-model-zoo-0.26.0.jar;C:\Users\nesri\.m2\repository\com\fasterxml\jackson\core\jackson-annotations\2.13.5\jackson-annotations-2.13.5.jar;C:\Users\nesri\.m2\repository\com\fasterxml\jackson\core\jackson-core\2.13.5\jackson-core-2.13.5.jar;C:\Users\nesri\.m2\repository\com\fasterxml\jackson\core\jackson-databind\2.13.5\jackson-databind-2.13.5.jar;C:\Users\nesri\.m2\repository\com\google\code\gson\gson\2.10.1\gson-2.10.1.jar;C:\Users\nesri\.m2\repository\com\google\protobuf\protobuf-java\3.21.9\protobuf-java-3.21.9.jar;C:\Users\nesri\.m2\repository\com\itextpdf\itextpdf\5.5.13.4\itextpdf-5.5.13.4.jar;C:\Users\nesri\.m2\repository\com\microsoft\onnxruntime\onnxruntime\1.17.1\onnxruntime-1.17.1.jar;C:\Users\nesri\.m2\repository\com\mysql\mysql-connector-j\8.0.33\mysql-connector-j-8.0.33.jar;C:\Users\nesri\.m2\repository\commons-codec\commons-codec\1.11\commons-codec-1.11.jar;C:\Users\nesri\.m2\repository\commons-logging\commons-logging\1.2\commons-logging-1.2.jar;C:\Users\nesri\.m2\repository\net\java\dev\jna\jna\5.13.0\jna-5.13.0.jar;C:\Users\nesri\.m2\repository\org\apache\commons\commons-compress\1.25.0\commons-compress-1.25.0.jar;C:\Users\nesri\.m2\repository\org\apache\commons\commons-csv\1.10.0\commons-csv-1.10.0.jar;C:\Users\nesri\.m2\repository\org\apache\httpcomponents\httpclient\4.5.14\httpclient-4.5.14.jar;C:\Users\nesri\.m2\repository\org\apache\httpcomponents\httpcore\4.4.16\httpcore-4.4.16.jar;C:\Users\nesri\.m2\repository\org\bytedeco\javacpp\1.5.6\javacpp-1.5.6-linux-x86_64.jar;C:\Users\nesri\.m2\repository\org\bytedeco\javacpp\1.5.6\javacpp-1.5.6-macosx-x86_64.jar;C:\Users\nesri\.m2\repository\org\bytedeco\javacpp\1.5.6\javacpp-1.5.6-windows-x86_64.jar;C:\Users\nesri\.m2\repository\org\bytedeco\javacpp\1.5.6\javacpp-1.5.6.jar;C:\Users\nesri\.m2\repository\org\openpnp\opencv\4.9.0-0\opencv-4.9.0-0.jar;C:\Users\nesri\.m2\repository\org\slf4j\slf4j-api\1.7.36\slf4j-api-1.7.36.jar;C:\Users\nesri\.m2\repository\org\tensorflow\ndarray\0.3.3\ndarray-0.3.3.jar;C:\Users\nesri\.m2\repository\org\tensorflow\tensorflow-core-api\0.4.0\tensorflow-core-api-0.4.0-linux-x86_64.jar;C:\Users\nesri\.m2\repository\org\tensorflow\tensorflow-core-api\0.4.0\tensorflow-core-api-0.4.0-macosx-x86_64.jar;C:\Users\nesri\.m2\repository\org\tensorflow\tensorflow-core-api\0.4.0\tensorflow-core-api-0.4.0-windows-x86_64.jar;C:\Users\nesri\.m2\repository\org\tensorflow\tensorflow-core-api\0.4.0\tensorflow-core-api-0.4.0.jar;C:\Users\nesri\.m2\repository\org\tensorflow\tensorflow-core-platform\0.4.0\tensorflow-core-platform-0.4.0.jar
Launcher Type: SUN_STANDARD

[Global flags]
     intx CICompilerCount                          = 4                                         {product} {ergonomic}
     uint ConcGCThreads                            = 3                                         {product} {ergonomic}
     uint G1ConcRefinementThreads                  = 10                                        {product} {ergonomic}
   size_t G1HeapRegionSize                         = 4194304                                   {product} {ergonomic}
   size_t InitialHeapSize                          = 398458880                                 {product} {ergonomic}
   size_t MarkStackSize                            = 4194304                                   {product} {ergonomic}
   size_t MarkStackSizeMax                         = 536870912                                 {product} {ergonomic}
   size_t MaxHeapSize                              = 6371147776                                {product} {ergonomic}
   size_t MaxNewSize                               = 3821010944                                {product} {ergonomic}
   size_t MinHeapDeltaBytes                        = 4194304                                   {product} {ergonomic}
   size_t MinHeapSize                              = 8388608                                   {product} {ergonomic}
    uintx NonNMethodCodeHeapSize                   = 5832704                                {pd product} {ergonomic}
    uintx NonProfiledCodeHeapSize                  = 122945536                              {pd product} {ergonomic}
    uintx ProfiledCodeHeapSize                     = 122880000                              {pd product} {ergonomic}
    uintx ReservedCodeCacheSize                    = 251658240                              {pd product} {ergonomic}
     bool SegmentedCodeCache                       = true                                      {product} {ergonomic}
   size_t SoftMaxHeapSize                          = 6371147776                             {manageable} {ergonomic}
     bool UseCompressedOops                        = true                           {product lp64_product} {ergonomic}
     bool UseG1GC                                  = true                                      {product} {ergonomic}
     bool UseLargePagesIndividualAllocation        = false                                  {pd product} {ergonomic}

Logging:
Log output configuration:
 #0: stdout all=warning uptime,level,tags foldmultilines=false
 #1: stderr all=off uptime,level,tags foldmultilines=false

Release file:
IMPLEMENTOR="Oracle Corporation" 
JAVA_RUNTIME_VERSION="25.0.2+10-69" 
JAVA_VERSION="25.0.2" 
JAVA_VERSION_DATE="2026-01-20" 
LIBC="default" 
MODULES="java.base java.compiler java.datatransfer java.xml java.prefs java.desktop java.instrument java.logging java.management java.security.sasl java.naming java.rmi java.management.rmi java.net.http java.scripting java.security.jgss java.transaction.xa java.sql java.sql.rowset java.xml.crypto java.se java.smartcardio jdk.accessibility jdk.internal.jvmstat jdk.attach jdk.charsets jdk.internal.opt jdk.zipfs jdk.compiler jdk.crypto.cryptoki jdk.crypto.ec jdk.crypto.mscapi jdk.dynalink jdk.internal.ed jdk.editpad jdk.internal.vm.ci jdk.graal.compiler jdk.graal.compiler.management jdk.hotspot.agent jdk.httpserver jdk.incubator.vector jdk.internal.le jdk.internal.md jdk.jartool jdk.javadoc jdk.jcmd jdk.management jdk.management.agent jdk.jconsole jdk.jdeps jdk.jdwp.agent jdk.jdi jdk.jfr jdk.jlink jdk.jpackage jdk.jshell jdk.jsobject jdk.jstatd jdk.localedata jdk.management.jfr jdk.naming.dns jdk.naming.rmi jdk.net jdk.nio.mapmode jdk.sctp jdk.security.auth jdk.security.jgss jdk.unsupported jdk.unsupported.desktop jdk.xml.dom" 
OS_ARCH="x86_64" 
OS_NAME="Windows" 
SOURCE=".:git:405a5699ebd0" 

Environment Variables:
JAVA_HOME=C:\Users\nesri\.jdks\openjdk-25.0.2
PATH=C:\Users\nesri\.jdks\jbr-21.0.8\bin;C:\oraclexe\app\oracle\product\11.2.0\server\bin;C:\Program Files (x86)\VMware\VMware Workstation\bin\;C:\Windows\system32;C:\Windows;C:\Windows\System32\Wbem;C:\Windows\System32\WindowsPowerShell\v1.0\;C:\Windows\System32\OpenSSH\;C:\Program Files (x86)\NVIDIA Corporation\PhysX\Common;C:\Program Files\NVIDIA Corporation\NVIDIA NvDLISR;C:\Program Files\Git\cmd;C:\xampp\php;C:\WINDOWS\system32;C:\WINDOWS;C:\WINDOWS\System32\Wbem;C:\WINDOWS\System32\WindowsPowerShell\v1.0\;C:\WINDOWS\System32\OpenSSH\;C:\ProgramData\ComposerSetup\bin;C:\Users\nesri\scoop\shims;C:\Users\nesri\AppData\Local\Microsoft\WindowsApps;C:\Users\nesri\AppData\Local\Programs\Microsoft VS Code\bin;C:\Users\nesri\AppData\Roaming\Composer\vendor\bin
USERNAME=nesri
OS=Windows_NT
PROCESSOR_IDENTIFIER=Intel64 Family 6 Model 141 Stepping 1, GenuineIntel
TMP=C:\Users\nesri\AppData\Local\Temp
TEMP=C:\Users\nesri\AppData\Local\Temp




Compilation memory statistics disabled.

Periodic native trim disabled

---------------  S Y S T E M  ---------------

OS:
 Windows 11 , 64 bit Build 26100 (10.0.26100.7705)
OS uptime: 7 days 21:50 hours
Hyper-V role detected

CPU: total 12 (initial active 12) (6 cores per cpu, 2 threads per core) family 6 model 141 stepping 1 microcode 0x34, cx8, cmov, fxsr, ht, mmx, 3dnowpref, sse, sse2, sse3, ssse3, sse4.1, sse4.2, popcnt, lzcnt, tsc, tscinvbit, avx, avx2, aes, erms, clmul, bmi1, bmi2, adx, avx512f, avx512dq, avx512cd, avx512bw, avx512vl, sha, fma, vzeroupper, avx512_vpopcntdq, avx512_vpclmulqdq, avx512_vaes, avx512_vnni, clflush, clflushopt, clwb, avx512_vbmi2, avx512_vbmi, hv, rdtscp, rdpid, fsrm, gfni, avx512_bitalg, f16c, cet_ibt, cet_ss, avx512_ifma
Processor Information for the first 12 processors :
  Max Mhz: 2688, Current Mhz: 2688, Mhz Limit: 2688

Memory: 4k page, system-wide physical 24298M (1241M free)
TotalPageFile size 64586M (AvailPageFile size 3M)
current process WorkingSet (physical memory assigned to process): 252M, peak: 252M
current process commit charge ("private bytes"): 598M, peak: 601M

vm_info: OpenJDK 64-Bit Server VM (25.0.2+10-69) for windows-amd64 JRE (25.0.2+10-69), built on 2025-12-18T11:36:35Z with MS VC++ 17.13 (VS2022)

END.
